--[Server log for date: 12/12/2014]--


[07:54:11 PM][CTP Server] Server is starting up...
[07:54:11 PM][CTP Server] Server is in DEBUG mode.
[07:54:11 PM][CTP Server] Runtime log is active.
[07:54:11 PM][CTP Server] Will display console.
[07:54:11 PM][ModuleManager] No modules found.
[07:54:11 PM][SubServer 0] SubServer 0 up and running.
[07:54:11 PM][ConnectionAcceptor] Acceptor running. Port: 8688
[07:54:13 PM][Server] Shutting everything down.
[07:54:13 PM][UserDatabase] Saving all profiles before going down...
[07:54:13 PM][UserDatabase] Saved all profiles.
[07:54:13 PM][UserDatabase] Saved NUID. Current NUID is 2.
[07:54:13 PM][<DEBUG>][SubServer 0] Killing all connections...
[07:54:13 PM][<DEBUG>][SubServer 0] Killing self.
[07:54:25 PM][CTP Server] Server is starting up...
[07:54:25 PM][CTP Server] Server is in DEBUG mode.
[07:54:25 PM][CTP Server] Runtime log is active.
[07:54:25 PM][CTP Server] Will display console.
[07:54:25 PM][ModuleManager] No modules found.
[07:54:25 PM][SubServer 0] SubServer 0 up and running.
[07:54:25 PM][ConnectionAcceptor] Acceptor running. Port: 8688
[07:54:29 PM][Server] Shutting everything down.
[07:54:29 PM][UserDatabase] Saving all profiles before going down...
[07:54:29 PM][UserDatabase] Saved all profiles.
[07:54:29 PM][UserDatabase] Saved NUID. Current NUID is 2.
[07:54:29 PM][<DEBUG>][SubServer 0] Killing all connections...
[07:54:29 PM][<DEBUG>][SubServer 0] Killing self.
[07:54:29 PM][<DEBUG>][Server] Exited wait block.
[07:54:44 PM][CTP Server] Server is starting up...
[07:54:44 PM][CTP Server] Server is in DEBUG mode.
[07:54:44 PM][CTP Server] Runtime log is active.
[07:54:44 PM][CTP Server] Will display console.
[07:54:44 PM][ModuleManager] No modules found.
[07:54:44 PM][SubServer 0] SubServer 0 up and running.
[07:54:44 PM][ConnectionAcceptor] Acceptor running. Port: 8688
[07:54:48 PM][Server] Shutting everything down.
[07:54:48 PM][UserDatabase] Saving all profiles before going down...
[07:54:48 PM][UserDatabase] Saved all profiles.
[07:54:48 PM][UserDatabase] Saved NUID. Current NUID is 2.
[07:54:48 PM][<DEBUG>][SubServer 0] Killing all connections...
[07:54:48 PM][<DEBUG>][SubServer 0] Killing self.
[07:54:48 PM][<DEBUG>][Server] Exited wait block.
[07:54:57 PM][CTP Server] Server is starting up...
[07:54:57 PM][CTP Server] Server is in DEBUG mode.
[07:54:57 PM][CTP Server] Runtime log is active.
[07:54:57 PM][CTP Server] Will display console.
[07:54:57 PM][ModuleManager] No modules found.
[07:54:57 PM][SubServer 0] SubServer 0 up and running.
[07:54:57 PM][ConnectionAcceptor] Acceptor running. Port: 8688
[07:55:02 PM][Server] Shutting everything down.
[07:55:02 PM][UserDatabase] Saving all profiles before going down...
[07:55:02 PM][UserDatabase] Saved all profiles.
[07:55:02 PM][UserDatabase] Saved NUID. Current NUID is 2.
[07:55:02 PM][<DEBUG>][SubServer 0] Killing all connections...
[07:55:02 PM][<DEBUG>][SubServer 0] Killing self.
[07:55:07 PM][CTP Server] Server is starting up...
[07:55:07 PM][CTP Server] Server is in DEBUG mode.
[07:55:07 PM][CTP Server] Runtime log is active.
[07:55:07 PM][CTP Server] Will display console.
[07:55:07 PM][ModuleManager] No modules found.
[07:55:07 PM][SubServer 0] SubServer 0 up and running.
[07:55:07 PM][ConnectionAcceptor] Acceptor running. Port: 8688
[07:55:08 PM][Server] Shutting everything down.
[07:55:08 PM][UserDatabase] Saving all profiles before going down...
[07:55:08 PM][UserDatabase] Saved all profiles.
[07:55:08 PM][UserDatabase] Saved NUID. Current NUID is 2.
[07:55:08 PM][<DEBUG>][SubServer 0] Killing all connections...
[07:55:08 PM][<DEBUG>][SubServer 0] Killing self.
[07:58:54 PM][CTP Server] Server is starting up...
[07:58:54 PM][CTP Server] Server is in DEBUG mode.
[07:58:54 PM][CTP Server] Runtime log is active.
[07:58:54 PM][CTP Server] Will display console.
[07:58:54 PM][ModuleManager] No modules found.
[07:58:54 PM][SubServer 0] SubServer 0 up and running.
[07:58:54 PM][ConnectionAcceptor] Acceptor running. Port: 8688
[07:59:02 PM][Server] Shutting everything down.
[07:59:02 PM][UserDatabase] Saving all profiles before going down...
[07:59:02 PM][UserDatabase] Saved all profiles.
[07:59:02 PM][UserDatabase] Saved NUID. Current NUID is 2.
[07:59:02 PM][<DEBUG>][SubServer 0] Killing all connections...
[07:59:02 PM][<DEBUG>][SubServer 0] Killing self.
[07:59:02 PM][<DEBUG>][Server] Exited wait block.
[07:59:06 PM][CTP Server] Server is starting up...
[07:59:06 PM][CTP Server] Server is in DEBUG mode.
[07:59:06 PM][CTP Server] Runtime log is active.
[07:59:06 PM][CTP Server] Will display console.
[07:59:06 PM][ModuleManager] No modules found.
[07:59:06 PM][SubServer 0] SubServer 0 up and running.
[07:59:06 PM][ConnectionAcceptor] Acceptor running. Port: 8688
[07:59:57 PM][Server] Shutting everything down.
[07:59:57 PM][UserDatabase] Saving all profiles before going down...
[07:59:57 PM][UserDatabase] Saved all profiles.
[07:59:57 PM][UserDatabase] Saved NUID. Current NUID is 2.
[07:59:57 PM][<DEBUG>][SubServer 0] Killing all connections...
[07:59:57 PM][<DEBUG>][SubServer 0] Killing self.
[07:59:57 PM][<DEBUG>][Server] Exited wait block.
[08:00:18 PM][CTP Server] Server is starting up...
[08:00:18 PM][CTP Server] Server is in DEBUG mode.
[08:00:18 PM][CTP Server] Runtime log is active.
[08:00:18 PM][CTP Server] Will display console.
[08:00:18 PM][ModuleManager] No modules found.
[08:00:18 PM][SubServer 0] SubServer 0 up and running.
[08:00:18 PM][ConnectionAcceptor] Acceptor running. Port: 8688
[08:00:27 PM][Server] Shutting everything down.
[08:00:27 PM][UserDatabase] Saving all profiles before going down...
[08:00:27 PM][UserDatabase] Saved all profiles.
[08:00:27 PM][UserDatabase] Saved NUID. Current NUID is 2.
[08:00:27 PM][<DEBUG>][SubServer 0] Killing all connections...
[08:00:27 PM][<DEBUG>][SubServer 0] Killing self.
[08:00:27 PM][<DEBUG>][Server] Exited wait block.
[08:03:03 PM][CTP Server] Server is starting up...
[08:03:03 PM][CTP Server] Server is in DEBUG mode.
[08:03:03 PM][CTP Server] Runtime log is active.
[08:03:03 PM][CTP Server] Will display console.
[08:03:03 PM][ModuleManager] No modules found.
[08:03:03 PM][SubServer 0] SubServer 0 up and running.
[08:03:03 PM][ConnectionAcceptor] Acceptor running. Port: 8688
[08:03:04 PM][Server] Shutting everything down.
[08:03:04 PM][UserDatabase] Saving all profiles before going down...
[08:03:04 PM][UserDatabase] Saved all profiles.
[08:03:04 PM][UserDatabase] Saved NUID. Current NUID is 2.
[08:03:04 PM][<DEBUG>][SubServer 0] Killing all connections...
[08:03:04 PM][<DEBUG>][SubServer 0] Killing self.
[08:03:17 PM][CTP Server] Server is starting up...
[08:03:17 PM][CTP Server] Server is in DEBUG mode.
[08:03:17 PM][CTP Server] Runtime log is active.
[08:03:17 PM][CTP Server] Will display console.
[08:03:17 PM][ModuleManager] No modules found.
[08:03:17 PM][SubServer 0] SubServer 0 up and running.
[08:03:17 PM][ConnectionAcceptor] Acceptor running. Port: 8688
[08:03:21 PM][Server] Shutting everything down.
[08:03:21 PM][UserDatabase] Saving all profiles before going down...
[08:03:21 PM][UserDatabase] Saved all profiles.
[08:03:21 PM][UserDatabase] Saved NUID. Current NUID is 2.
[08:03:21 PM][<DEBUG>][SubServer 0] Killing all connections...
[08:03:21 PM][<DEBUG>][SubServer 0] Killing self.
[08:03:21 PM][<DEBUG>][Server] Exited wait block.
[08:03:24 PM][CTP Server] Server is starting up...
[08:03:24 PM][CTP Server] Server is in DEBUG mode.
[08:03:24 PM][CTP Server] Runtime log is active.
[08:03:24 PM][CTP Server] Will display console.
[08:03:24 PM][ModuleManager] No modules found.
[08:03:24 PM][SubServer 0] SubServer 0 up and running.
[08:03:24 PM][ConnectionAcceptor] Acceptor running. Port: 8688
[08:03:30 PM][Server] Shutting everything down.
[08:03:30 PM][UserDatabase] Saving all profiles before going down...
[08:03:30 PM][UserDatabase] Saved all profiles.
[08:03:30 PM][UserDatabase] Saved NUID. Current NUID is 2.
[08:03:30 PM][<DEBUG>][SubServer 0] Killing all connections...
[08:03:30 PM][<DEBUG>][SubServer 0] Killing self.
[08:03:34 PM][CTP Server] Server is starting up...
[08:03:34 PM][CTP Server] Server is in DEBUG mode.
[08:03:34 PM][CTP Server] Runtime log is active.
[08:03:34 PM][CTP Server] Will display console.
[08:03:34 PM][ModuleManager] No modules found.
[08:03:34 PM][ConnectionAcceptor] Acceptor running. Port: 8688
[08:03:34 PM][SubServer 0] SubServer 0 up and running.
[08:03:40 PM][Server] Shutting everything down.
[08:03:40 PM][UserDatabase] Saving all profiles before going down...
[08:03:40 PM][UserDatabase] Saved all profiles.
[08:03:40 PM][UserDatabase] Saved NUID. Current NUID is 2.
[08:03:40 PM][<DEBUG>][SubServer 0] Killing all connections...
[08:03:40 PM][<DEBUG>][SubServer 0] Killing self.
[08:03:40 PM][<DEBUG>][Server] Exited wait block.
[08:04:01 PM][CTP Server] Server is starting up...
[08:04:01 PM][CTP Server] Server is in DEBUG mode.
[08:04:01 PM][CTP Server] Runtime log is active.
[08:04:01 PM][CTP Server] Will display console.
[08:04:01 PM][ModuleManager] No modules found.
[08:04:01 PM][SubServer 0] SubServer 0 up and running.
[08:04:01 PM][ConnectionAcceptor] Acceptor running. Port: 8688
[08:04:06 PM][Server] Shutting everything down.
[08:04:06 PM][UserDatabase] Saving all profiles before going down...
[08:04:06 PM][UserDatabase] Saved all profiles.
[08:04:06 PM][UserDatabase] Saved NUID. Current NUID is 2.
[08:04:06 PM][<DEBUG>][SubServer 0] Killing all connections...
[08:04:06 PM][<DEBUG>][SubServer 0] Killing self.
[08:04:06 PM][<DEBUG>][Server] Exited wait block.
[08:04:19 PM][CTP Server] Server is starting up...
[08:04:19 PM][CTP Server] Server is in DEBUG mode.
[08:04:19 PM][CTP Server] Runtime log is active.
[08:04:19 PM][CTP Server] Will display console.
[08:04:19 PM][ModuleManager] No modules found.
[08:04:19 PM][SubServer 0] SubServer 0 up and running.
[08:04:19 PM][ConnectionAcceptor] Acceptor running. Port: 8688
[08:04:20 PM][Server] Shutting everything down.
[08:04:20 PM][UserDatabase] Saving all profiles before going down...
[08:04:20 PM][UserDatabase] Saved all profiles.
[08:04:20 PM][UserDatabase] Saved NUID. Current NUID is 2.
[08:04:20 PM][<DEBUG>][SubServer 0] Killing all connections...
[08:04:20 PM][<DEBUG>][SubServer 0] Killing self.
[08:04:20 PM][<DEBUG>][Server] Exited wait block.
[08:04:26 PM][CTP Server] Server is starting up...
[08:04:26 PM][CTP Server] Server is in DEBUG mode.
[08:04:26 PM][CTP Server] Runtime log is active.
[08:04:26 PM][CTP Server] Will display console.
[08:04:26 PM][ModuleManager] No modules found.
[08:04:26 PM][SubServer 0] SubServer 0 up and running.
[08:04:26 PM][ConnectionAcceptor] Acceptor running. Port: 8688
[08:04:27 PM][Server] Shutting everything down.
[08:04:27 PM][UserDatabase] Saving all profiles before going down...
[08:04:27 PM][UserDatabase] Saved all profiles.
[08:04:27 PM][UserDatabase] Saved NUID. Current NUID is 2.
[08:04:27 PM][<DEBUG>][SubServer 0] Killing all connections...
[08:04:27 PM][<DEBUG>][SubServer 0] Killing self.
[08:04:34 PM][CTP Server] Server is starting up...
[08:04:34 PM][CTP Server] Server is in DEBUG mode.
[08:04:34 PM][CTP Server] Runtime log is active.
[08:04:34 PM][CTP Server] Will display console.
[08:04:34 PM][ModuleManager] No modules found.
[08:04:34 PM][SubServer 0] SubServer 0 up and running.
[08:04:34 PM][ConnectionAcceptor] Acceptor running. Port: 8688
[08:04:35 PM][Server] Shutting everything down.
[08:04:35 PM][UserDatabase] Saving all profiles before going down...
[08:04:35 PM][UserDatabase] Saved all profiles.
[08:04:35 PM][UserDatabase] Saved NUID. Current NUID is 2.
[08:04:35 PM][<DEBUG>][SubServer 0] Killing all connections...
[08:04:35 PM][<DEBUG>][SubServer 0] Killing self.
[08:06:04 PM][CTP Server] Server is starting up...
[08:06:04 PM][CTP Server] Server is in DEBUG mode.
[08:06:04 PM][CTP Server] Runtime log is active.
[08:06:04 PM][CTP Server] Will display console.
[08:06:04 PM][ModuleManager] No modules found.
[08:06:04 PM][SubServer 0] SubServer 0 up and running.
[08:06:04 PM][ConnectionAcceptor] Acceptor running. Port: 8688
[08:06:08 PM][Server] Shutting everything down.
[08:06:08 PM][UserDatabase] Saving all profiles before going down...
[08:06:08 PM][UserDatabase] Saved all profiles.
[08:06:08 PM][UserDatabase] Saved NUID. Current NUID is 2.
[08:06:08 PM][<DEBUG>][SubServer 0] Killing all connections...
[08:06:08 PM][<DEBUG>][SubServer 0] Killing self.
[08:06:14 PM][CTP Server] Server is starting up...
[08:06:14 PM][CTP Server] Server is in DEBUG mode.
[08:06:14 PM][CTP Server] Runtime log is active.
[08:06:14 PM][CTP Server] Will display console.
[08:06:14 PM][ModuleManager] No modules found.
[08:06:14 PM][SubServer 0] SubServer 0 up and running.
[08:06:14 PM][ConnectionAcceptor] Acceptor running. Port: 8688
[08:06:16 PM][Server] Shutting everything down.
[08:06:16 PM][UserDatabase] Saving all profiles before going down...
[08:06:16 PM][UserDatabase] Saved all profiles.
[08:06:16 PM][UserDatabase] Saved NUID. Current NUID is 2.
[08:06:16 PM][<DEBUG>][SubServer 0] Killing all connections...
[08:06:16 PM][<DEBUG>][SubServer 0] Killing self.
[08:06:16 PM][<DEBUG>][Server] Exited wait block.
