--[Server log for date: 12/25/2014]--


[01:41:22 AM][Server] Shutting everything down.
[01:41:22 AM][UserDatabase] Saving all profiles before going down...
[01:41:22 AM][UserDatabase] Saved all profiles.
[01:41:22 AM][<DEBUG>][ServerClock] Server clock was killed.
[01:41:22 AM][UserDatabase] Saved NUID. Current NUID is 2.
[01:41:22 AM][<DEBUG>][SubServer 0] Killing all connections...
[01:41:22 AM][<DEBUG>][SubServer 0] Killing self.
[01:41:22 AM][<DEBUG>][Server] Exited wait block.
[01:49:54 AM][MountainDew] Server is starting up...
[01:49:54 AM][MountainDew] Server is in DEBUG mode.
[01:49:54 AM][MountainDew] Runtime log is active.
[01:49:54 AM][MountainDew] Will display console.
[01:49:54 AM][ModuleManager] No modules found.
[01:49:54 AM][SubServer 0] SubServer 0 up and running.
[01:49:55 AM][ConnectionAcceptor] Acceptor running. Port: 8688
[01:50:06 AM][Server] Shutting everything down.
[01:50:06 AM][UserDatabase] Saving all profiles before going down...
[01:50:06 AM][UserDatabase] Saved all profiles.
[01:50:06 AM][UserDatabase] Saved NUID. Current NUID is 2.
[01:50:06 AM][<DEBUG>][SubServer 0] Killing all connections...
[01:50:06 AM][<DEBUG>][SubServer 0] Killing self.
[01:50:46 AM][MountainDew] Server is starting up...
[01:50:46 AM][MountainDew] Server is in DEBUG mode.
[01:50:46 AM][MountainDew] Runtime log is active.
[01:50:46 AM][MountainDew] Will display console.
[01:50:46 AM][ModuleManager] No modules found.
[01:50:46 AM][SubServer 0] SubServer 0 up and running.
[01:50:46 AM][ConnectionAcceptor] Acceptor running. Port: 8688
[01:51:10 AM][Server] Shutting everything down.
[01:51:10 AM][UserDatabase] Saving all profiles before going down...
[01:51:10 AM][UserDatabase] Saved all profiles.
[01:51:10 AM][UserDatabase] Saved NUID. Current NUID is 2.
[01:51:10 AM][<DEBUG>][SubServer 0] Killing all connections...
[01:51:10 AM][<DEBUG>][SubServer 0] Killing self.
[01:51:13 AM][MountainDew] Server is starting up...
[01:51:13 AM][MountainDew] Server is in DEBUG mode.
[01:51:13 AM][MountainDew] Runtime log is active.
[01:51:13 AM][MountainDew] Will display console.
[01:51:13 AM][ModuleManager] No modules found.
[01:51:13 AM][SubServer 0] SubServer 0 up and running.
[01:51:13 AM][ConnectionAcceptor] Acceptor running. Port: 8688
[01:51:25 AM][Server] Shutting everything down.
[01:51:25 AM][UserDatabase] Saving all profiles before going down...
[01:51:25 AM][UserDatabase] Saved all profiles.
[01:51:25 AM][UserDatabase] Saved NUID. Current NUID is 2.
[01:51:25 AM][<DEBUG>][SubServer 0] Killing all connections...
[01:51:25 AM][<DEBUG>][SubServer 0] Killing self.
[02:27:51 AM][MountainDew] Server is starting up...
[02:27:51 AM][MountainDew] Server is in DEBUG mode.
[02:27:51 AM][MountainDew] Runtime log is active.
[02:27:51 AM][MountainDew] Will display console.
[02:27:51 AM][ModuleManager] No modules found.
[02:27:51 AM][SubServer 0] SubServer 0 up and running.
[02:27:51 AM][ConnectionAcceptor] Acceptor running. Port: 8688
[02:27:53 AM][Server] Shutting everything down.
[02:27:53 AM][UserDatabase] Saving all profiles before going down...
[02:27:53 AM][UserDatabase] Saved all profiles.
[02:27:53 AM][UserDatabase] Saved NUID. Current NUID is 2.
[02:27:53 AM][<DEBUG>][SubServer 0] Killing all connections...
[02:27:53 AM][<DEBUG>][SubServer 0] Killing self.
[02:30:45 AM][MountainDew] Server is starting up...
[02:30:45 AM][MountainDew] Server is in DEBUG mode.
[02:30:45 AM][MountainDew] Runtime log is active.
[02:30:45 AM][MountainDew] Will display console.
[02:30:45 AM][ModuleManager] No modules found.
[02:30:45 AM][SubServer 0] SubServer 0 up and running.
[02:30:45 AM][ConnectionAcceptor] Acceptor running. Port: 8688
[02:31:02 AM][Server] Shutting everything down.
[02:31:02 AM][UserDatabase] Saving all profiles before going down...
[02:31:02 AM][UserDatabase] Saved all profiles.
[02:31:02 AM][UserDatabase] Saved NUID. Current NUID is 2.
[02:31:02 AM][<DEBUG>][SubServer 0] Killing all connections...
[02:31:02 AM][<DEBUG>][SubServer 0] Killing self.
[02:31:26 AM][MountainDew] Server is starting up...
[02:31:26 AM][MountainDew] Server is in DEBUG mode.
[02:31:26 AM][MountainDew] Runtime log is active.
[02:31:26 AM][MountainDew] Will display console.
[02:31:26 AM][ModuleManager] No modules found.
[02:31:26 AM][SubServer 0] SubServer 0 up and running.
[02:31:26 AM][ConnectionAcceptor] Acceptor running. Port: 8688
[02:31:44 AM][Server] Shutting everything down.
[02:31:44 AM][UserDatabase] Saving all profiles before going down...
[02:31:44 AM][UserDatabase] Saved all profiles.
[02:31:44 AM][UserDatabase] Saved NUID. Current NUID is 2.
[02:31:44 AM][<DEBUG>][SubServer 0] Killing all connections...
[02:31:44 AM][<DEBUG>][SubServer 0] Killing self.
[02:31:47 AM][MountainDew] Server is starting up...
[02:31:47 AM][MountainDew] Server is in DEBUG mode.
[02:31:47 AM][MountainDew] Runtime log is active.
[02:31:47 AM][MountainDew] Will display console.
[02:31:47 AM][ModuleManager] No modules found.
[02:31:47 AM][SubServer 0] SubServer 0 up and running.
[02:31:47 AM][ConnectionAcceptor] Acceptor running. Port: 8688
[02:32:02 AM][Server] Shutting everything down.
[02:32:02 AM][UserDatabase] Saving all profiles before going down...
[02:32:02 AM][UserDatabase] Saved all profiles.
[02:32:02 AM][UserDatabase] Saved NUID. Current NUID is 2.
[02:32:02 AM][<DEBUG>][SubServer 0] Killing all connections...
[02:32:02 AM][<DEBUG>][SubServer 0] Killing self.
[02:32:02 AM][<DEBUG>][Server] Exited wait block.
[02:32:06 AM][MountainDew] Server is starting up...
[02:32:06 AM][MountainDew] Server is in DEBUG mode.
[02:32:06 AM][MountainDew] Runtime log is active.
[02:32:06 AM][MountainDew] Will display console.
[02:32:06 AM][ModuleManager] No modules found.
[02:32:06 AM][SubServer 0] SubServer 0 up and running.
[02:32:06 AM][ConnectionAcceptor] Acceptor running. Port: 8688
[02:32:12 AM][Server] Shutting everything down.
[02:32:12 AM][UserDatabase] Saving all profiles before going down...
[02:32:12 AM][<DEBUG>][ServerClock] Server clock was killed.
[02:32:12 AM][UserDatabase] Saved all profiles.
[02:32:12 AM][UserDatabase] Saved NUID. Current NUID is 2.
[02:32:12 AM][<DEBUG>][SubServer 0] Killing all connections...
[02:32:12 AM][<DEBUG>][SubServer 0] Killing self.
[02:32:12 AM][<DEBUG>][Server] Exited wait block.
[02:32:37 AM][MountainDew] Server is starting up...
[02:32:37 AM][MountainDew] Server is in DEBUG mode.
[02:32:37 AM][MountainDew] Runtime log is active.
[02:32:37 AM][MountainDew] Will display console.
[02:32:37 AM][ModuleManager] No modules found.
[02:32:37 AM][SubServer 0] SubServer 0 up and running.
[02:32:37 AM][ConnectionAcceptor] Acceptor running. Port: 8688
[02:33:20 AM][Server] Shutting everything down.
[02:33:20 AM][UserDatabase] Saving all profiles before going down...
[02:33:20 AM][UserDatabase] Saved all profiles.
[02:33:20 AM][UserDatabase] Saved NUID. Current NUID is 2.
[02:33:20 AM][<DEBUG>][SubServer 0] Killing all connections...
[02:33:20 AM][<DEBUG>][SubServer 0] Killing self.
[02:33:52 AM][MountainDew] Server is starting up...
[02:33:52 AM][MountainDew] Server is in DEBUG mode.
[02:33:52 AM][MountainDew] Runtime log is active.
[02:33:52 AM][MountainDew] Will display console.
[02:33:52 AM][ModuleManager] No modules found.
[02:33:52 AM][SubServer 0] SubServer 0 up and running.
[02:33:52 AM][ConnectionAcceptor] Acceptor running. Port: 8688
[02:33:57 AM][Server] Shutting everything down.
[02:33:57 AM][UserDatabase] Saving all profiles before going down...
[02:33:57 AM][UserDatabase] Saved all profiles.
[02:33:57 AM][UserDatabase] Saved NUID. Current NUID is 2.
[02:33:57 AM][<DEBUG>][SubServer 0] Killing all connections...
[02:33:57 AM][<DEBUG>][SubServer 0] Killing self.
[02:33:57 AM][<DEBUG>][Server] Exited wait block.
[02:34:59 AM][MountainDew] Server is starting up...
[02:34:59 AM][MountainDew] Server is in DEBUG mode.
[02:34:59 AM][MountainDew] Runtime log is active.
[02:34:59 AM][MountainDew] Will display console.
[02:34:59 AM][ModuleManager] No modules found.
[02:34:59 AM][SubServer 0] SubServer 0 up and running.
[02:34:59 AM][ConnectionAcceptor] Acceptor running. Port: 8688
[02:35:00 AM][Server] Shutting everything down.
[02:35:00 AM][UserDatabase] Saving all profiles before going down...
[02:35:00 AM][UserDatabase] Saved all profiles.
[02:35:00 AM][UserDatabase] Saved NUID. Current NUID is 2.
[02:35:00 AM][<DEBUG>][SubServer 0] Killing all connections...
[02:35:00 AM][<DEBUG>][SubServer 0] Killing self.
[02:39:58 AM][MountainDew] Server is starting up...
[02:39:58 AM][MountainDew] Server is in DEBUG mode.
[02:39:58 AM][MountainDew] Runtime log is active.
[02:39:58 AM][MountainDew] Will display console.
[02:39:58 AM][ModuleManager] No modules found.
[02:39:58 AM][SubServer 0] SubServer 0 up and running.
[02:39:58 AM][ConnectionAcceptor] Acceptor running. Port: 8688
[02:39:59 AM][Server] Shutting everything down.
[02:39:59 AM][UserDatabase] Saving all profiles before going down...
[02:39:59 AM][UserDatabase] Saved all profiles.
[02:39:59 AM][UserDatabase] Saved NUID. Current NUID is 2.
[02:39:59 AM][<DEBUG>][SubServer 0] Killing all connections...
[02:39:59 AM][<DEBUG>][SubServer 0] Killing self.
[02:41:26 AM][MountainDew] Server is starting up...
[02:41:26 AM][MountainDew] Server is in DEBUG mode.
[02:41:26 AM][MountainDew] Runtime log is active.
[02:41:26 AM][MountainDew] Will display console.
[02:41:26 AM][ModuleManager] No modules found.
[02:41:26 AM][ConnectionAcceptor] Acceptor running. Port: 8688
[02:41:26 AM][SubServer 0] SubServer 0 up and running.
[02:41:28 AM][Server] Shutting everything down.
[02:41:28 AM][UserDatabase] Saving all profiles before going down...
[02:41:28 AM][UserDatabase] Saved all profiles.
[02:41:28 AM][UserDatabase] Saved NUID. Current NUID is 2.
[02:41:28 AM][<DEBUG>][SubServer 0] Killing all connections...
[02:41:28 AM][<DEBUG>][SubServer 0] Killing self.
[02:42:28 AM][MountainDew] Server is starting up...
[02:42:28 AM][MountainDew] Server is in DEBUG mode.
[02:42:28 AM][MountainDew] Runtime log is active.
[02:42:28 AM][MountainDew] Will display console.
[02:42:28 AM][ModuleManager] No modules found.
[02:42:28 AM][SubServer 0] SubServer 0 up and running.
[02:42:28 AM][ConnectionAcceptor] Acceptor running. Port: 8688
[02:42:28 AM][Server] Shutting everything down.
[02:42:28 AM][UserDatabase] Saving all profiles before going down...
[02:42:28 AM][UserDatabase] Saved all profiles.
[02:42:28 AM][UserDatabase] Saved NUID. Current NUID is 2.
[02:42:28 AM][<DEBUG>][SubServer 0] Killing all connections...
[02:42:28 AM][<DEBUG>][SubServer 0] Killing self.
[02:42:28 AM][<DEBUG>][Server] Exited wait block.
[02:42:50 AM][MountainDew] Server is starting up...
[02:42:51 AM][MountainDew] Server is in DEBUG mode.
[02:42:51 AM][MountainDew] Runtime log is active.
[02:42:51 AM][MountainDew] Will display console.
[02:42:51 AM][ModuleManager] No modules found.
[02:42:51 AM][SubServer 0] SubServer 0 up and running.
[02:42:51 AM][ConnectionAcceptor] Acceptor running. Port: 8688
[02:42:51 AM][Server] Shutting everything down.
[02:42:51 AM][UserDatabase] Saving all profiles before going down...
[02:42:51 AM][UserDatabase] Saved all profiles.
[02:42:51 AM][UserDatabase] Saved NUID. Current NUID is 2.
[02:42:51 AM][<DEBUG>][SubServer 0] Killing all connections...
[02:42:51 AM][<DEBUG>][SubServer 0] Killing self.
[02:42:57 AM][MountainDew] Server is starting up...
[02:42:57 AM][MountainDew] Server is in DEBUG mode.
[02:42:57 AM][MountainDew] Runtime log is active.
[02:42:57 AM][MountainDew] Will display console.
[02:42:57 AM][ModuleManager] No modules found.
[02:42:57 AM][SubServer 0] SubServer 0 up and running.
[02:42:57 AM][ConnectionAcceptor] Acceptor running. Port: 8688
[02:43:06 AM][Server] Shutting everything down.
[02:43:06 AM][UserDatabase] Saving all profiles before going down...
[02:43:06 AM][UserDatabase] Saved all profiles.
[02:43:06 AM][UserDatabase] Saved NUID. Current NUID is 2.
[02:43:06 AM][<DEBUG>][SubServer 0] Killing all connections...
[02:43:06 AM][<DEBUG>][SubServer 0] Killing self.
[02:43:06 AM][<DEBUG>][Server] Exited wait block.
[02:44:08 AM][MountainDew] Server is starting up...
[02:44:08 AM][MountainDew] Server is in DEBUG mode.
[02:44:08 AM][MountainDew] Runtime log is active.
[02:44:08 AM][MountainDew] Will display console.
[02:44:08 AM][ModuleManager] No modules found.
[02:44:08 AM][SubServer 0] SubServer 0 up and running.
[02:44:08 AM][ConnectionAcceptor] Acceptor running. Port: 8688
[02:44:12 AM][Server] Shutting everything down.
[02:44:12 AM][UserDatabase] Saving all profiles before going down...
[02:44:12 AM][UserDatabase] Saved all profiles.
[02:44:12 AM][UserDatabase] Saved NUID. Current NUID is 2.
[02:44:12 AM][<DEBUG>][SubServer 0] Killing all connections...
[02:44:12 AM][<DEBUG>][SubServer 0] Killing self.
[02:44:12 AM][<DEBUG>][Server] Exited wait block.
[02:44:17 AM][MountainDew] Server is starting up...
[02:44:17 AM][MountainDew] Server is in DEBUG mode.
[02:44:17 AM][MountainDew] Runtime log is active.
[02:44:17 AM][MountainDew] Will display console.
[02:44:17 AM][ModuleManager] No modules found.
[02:44:17 AM][SubServer 0] SubServer 0 up and running.
[02:44:17 AM][ConnectionAcceptor] Acceptor running. Port: 8688
[02:44:41 AM][Server] Shutting everything down.
[02:44:41 AM][UserDatabase] Saving all profiles before going down...
[02:44:41 AM][UserDatabase] Saved all profiles.
[02:44:41 AM][UserDatabase] Saved NUID. Current NUID is 2.
[02:44:41 AM][<DEBUG>][SubServer 0] Killing all connections...
[02:44:41 AM][<DEBUG>][SubServer 0] Killing self.
[02:44:48 AM][MountainDew] Server is starting up...
[02:44:48 AM][MountainDew] Server is in DEBUG mode.
[02:44:48 AM][MountainDew] Runtime log is active.
[02:44:48 AM][MountainDew] Will display console.
[02:44:48 AM][ModuleManager] No modules found.
[02:44:48 AM][SubServer 0] SubServer 0 up and running.
[02:44:48 AM][ConnectionAcceptor] Acceptor running. Port: 8688
