--[Server log for date: 12/26/2014]--


[12:45:03 AM][MountainDew] Server is starting up...
[12:45:03 AM][MountainDew] Server is in DEBUG mode.
[12:45:03 AM][MountainDew] Runtime log is active.
[12:45:03 AM][MountainDew] Will display console.
[12:45:03 AM][ModuleManager] No modules found.
[12:45:03 AM][SubServer 0] SubServer 0 up and running.
[12:45:03 AM][ConnectionAcceptor] Acceptor running. Port: 8688
[01:00:18 AM][Server] Shutting everything down.
[01:00:18 AM][UserDatabase] Saving all profiles before going down...
[01:00:18 AM][UserDatabase] Saved all profiles.
[01:00:18 AM][UserDatabase] Saved NUID. Current NUID is 2.
[01:00:18 AM][<DEBUG>][SubServer 0] Killing all connections...
[01:00:18 AM][<DEBUG>][SubServer 0] Killing self.
[01:00:43 AM][MountainDew] Server is starting up...
[01:00:43 AM][MountainDew] Server is in DEBUG mode.
[01:00:43 AM][MountainDew] Runtime log is active.
[01:00:43 AM][MountainDew] Will display console.
[01:00:43 AM][ModuleManager] No modules found.
[01:00:43 AM][SubServer 0] SubServer 0 up and running.
[01:00:43 AM][ConnectionAcceptor] Acceptor running. Port: 8688
[01:03:09 AM][Server] Shutting everything down.
[01:03:09 AM][UserDatabase] Saving all profiles before going down...
[01:03:09 AM][UserDatabase] Saved all profiles.
[01:03:09 AM][UserDatabase] Saved NUID. Current NUID is 2.
[01:03:09 AM][<DEBUG>][SubServer 0] Killing all connections...
[01:03:09 AM][<DEBUG>][SubServer 0] Killing self.
[01:03:09 AM][<DEBUG>][Server] Exited wait block.
[01:03:19 AM][MountainDew] Server is starting up...
[01:03:19 AM][MountainDew] Server is in DEBUG mode.
[01:03:19 AM][MountainDew] Runtime log is active.
[01:03:19 AM][MountainDew] Will display console.
[01:03:19 AM][ModuleManager] No modules found.
[01:03:19 AM][SubServer 0] SubServer 0 up and running.
[01:03:19 AM][ConnectionAcceptor] Acceptor running. Port: 8688
[01:03:34 AM][Server] Shutting everything down.
[01:03:34 AM][UserDatabase] Saving all profiles before going down...
[01:03:34 AM][UserDatabase] Saved all profiles.
[01:03:34 AM][UserDatabase] Saved NUID. Current NUID is 2.
[01:03:34 AM][<DEBUG>][SubServer 0] Killing all connections...
[01:03:34 AM][<DEBUG>][SubServer 0] Killing self.
[01:04:28 AM][MountainDew] Server is starting up...
[01:04:28 AM][MountainDew] Server is in DEBUG mode.
[01:04:28 AM][MountainDew] Runtime log is active.
[01:04:28 AM][MountainDew] Will display console.
[01:04:28 AM][ModuleManager] No modules found.
[01:04:28 AM][SubServer 0] SubServer 0 up and running.
[01:04:28 AM][ConnectionAcceptor] Acceptor running. Port: 8688
[01:04:35 AM][Server] Shutting everything down.
[01:04:35 AM][UserDatabase] Saving all profiles before going down...
[01:04:35 AM][UserDatabase] Saved all profiles.
[01:04:35 AM][UserDatabase] Saved NUID. Current NUID is 2.
[01:04:35 AM][<DEBUG>][SubServer 0] Killing all connections...
[01:04:35 AM][<DEBUG>][SubServer 0] Killing self.
[01:04:35 AM][<DEBUG>][Server] Exited wait block.
[01:04:45 AM][MountainDew] Server is starting up...
[01:04:45 AM][MountainDew] Server is in DEBUG mode.
[01:04:45 AM][MountainDew] Runtime log is active.
[01:04:45 AM][MountainDew] Will display console.
[01:04:45 AM][ModuleManager] No modules found.
[01:04:45 AM][SubServer 0] SubServer 0 up and running.
[01:04:45 AM][ConnectionAcceptor] Acceptor running. Port: 8688
[01:06:44 AM][Server] Shutting everything down.
[01:06:44 AM][UserDatabase] Saving all profiles before going down...
[01:06:44 AM][UserDatabase] Saved all profiles.
[01:06:44 AM][UserDatabase] Saved NUID. Current NUID is 2.
[01:06:44 AM][<DEBUG>][SubServer 0] Killing all connections...
[01:06:44 AM][<DEBUG>][SubServer 0] Killing self.
[01:06:44 AM][<DEBUG>][Server] Exited wait block.
[01:06:58 AM][MountainDew] Server is starting up...
[01:06:58 AM][MountainDew] Server is in DEBUG mode.
[01:06:58 AM][MountainDew] Runtime log is active.
[01:06:58 AM][MountainDew] Will display console.
[01:06:58 AM][ModuleManager] No modules found.
[01:06:58 AM][SubServer 0] SubServer 0 up and running.
[01:06:58 AM][ConnectionAcceptor] Acceptor running. Port: 8688
[01:07:21 AM][Server] Shutting everything down.
[01:07:21 AM][UserDatabase] Saving all profiles before going down...
[01:07:21 AM][UserDatabase] Saved all profiles.
[01:07:21 AM][UserDatabase] Saved NUID. Current NUID is 2.
[01:07:21 AM][<DEBUG>][SubServer 0] Killing all connections...
[01:07:21 AM][<DEBUG>][SubServer 0] Killing self.
[01:07:21 AM][<DEBUG>][Server] Exited wait block.
[01:07:57 AM][MountainDew] Server is starting up...
[01:07:57 AM][MountainDew] Server is in DEBUG mode.
[01:07:57 AM][MountainDew] Runtime log is active.
[01:07:57 AM][MountainDew] Will display console.
[01:07:57 AM][ModuleManager] No modules found.
[01:07:57 AM][SubServer 0] SubServer 0 up and running.
[01:07:57 AM][ConnectionAcceptor] Acceptor running. Port: 8688
[01:08:30 AM][Server] Shutting everything down.
[01:08:30 AM][UserDatabase] Saving all profiles before going down...
[01:08:30 AM][UserDatabase] Saved all profiles.
[01:08:30 AM][UserDatabase] Saved NUID. Current NUID is 2.
[01:08:30 AM][<DEBUG>][SubServer 0] Killing all connections...
[01:08:30 AM][<DEBUG>][SubServer 0] Killing self.
[01:08:43 AM][MountainDew] Server is starting up...
[01:08:43 AM][MountainDew] Server is in DEBUG mode.
[01:08:43 AM][MountainDew] Runtime log is active.
[01:08:43 AM][MountainDew] Will display console.
[01:08:43 AM][ModuleManager] No modules found.
[01:08:43 AM][SubServer 0] SubServer 0 up and running.
[01:08:43 AM][ConnectionAcceptor] Acceptor running. Port: 8688
[03:47:26 AM][Server] Shutting everything down.
[03:47:26 AM][UserDatabase] Saving all profiles before going down...
[03:47:26 AM][UserDatabase] Saved all profiles.
[03:47:26 AM][UserDatabase] Saved NUID. Current NUID is 2.
[03:47:26 AM][<DEBUG>][SubServer 0] Killing all connections...
[03:47:26 AM][<DEBUG>][SubServer 0] Killing self.
[03:47:26 AM][<DEBUG>][Server] Exited wait block.
[03:47:29 AM][MountainDew] Server is starting up...
[03:47:29 AM][MountainDew] Server is in DEBUG mode.
[03:47:29 AM][MountainDew] Runtime log is active.
[03:47:29 AM][MountainDew] Will display console.
[03:47:29 AM][ModuleManager] No modules found.
[03:47:29 AM][SubServer 0] SubServer 0 up and running.
[03:47:29 AM][ConnectionAcceptor] Acceptor running. Port: 8688
[10:51:07 PM][Server] Shutting everything down.
[10:51:07 PM][UserDatabase] Saving all profiles before going down...
[10:51:07 PM][UserDatabase] Saved all profiles.
[10:51:07 PM][UserDatabase] Saved NUID. Current NUID is 2.
[10:51:07 PM][<DEBUG>][SubServer 0] Killing all connections...
[10:51:07 PM][<DEBUG>][SubServer 0] Killing self.
[10:51:10 PM][MountainDew] Server is starting up...
[10:51:10 PM][MountainDew] Server is in DEBUG mode.
[10:51:10 PM][MountainDew] Runtime log is active.
[10:51:10 PM][MountainDew] Will display console.
[10:51:10 PM][ModuleManager] No modules found.
[10:51:10 PM][SubServer 0] SubServer 0 up and running.
[10:51:10 PM][ConnectionAcceptor] Acceptor running. Port: 8688
[10:51:13 PM][Server] Shutting everything down.
[10:51:13 PM][UserDatabase] Saving all profiles before going down...
[10:51:13 PM][UserDatabase] Saved all profiles.
[10:51:13 PM][UserDatabase] Saved NUID. Current NUID is 2.
[10:51:13 PM][<DEBUG>][SubServer 0] Killing all connections...
[10:51:13 PM][<DEBUG>][SubServer 0] Killing self.
[10:53:17 PM][MountainDew] Server is starting up...
[10:53:17 PM][MountainDew] Server is in DEBUG mode.
[10:53:17 PM][MountainDew] Runtime log is active.
[10:53:17 PM][MountainDew] Will display console.
[10:53:17 PM][ModuleManager] No modules found.
[10:53:17 PM][SubServer 0] SubServer 0 up and running.
[10:53:17 PM][ConnectionAcceptor] Acceptor running. Port: 8688
[10:53:19 PM][Server] Shutting everything down.
[10:53:19 PM][UserDatabase] Saving all profiles before going down...
[10:53:19 PM][UserDatabase] Saved all profiles.
[10:53:19 PM][UserDatabase] Saved NUID. Current NUID is 2.
[10:53:19 PM][<DEBUG>][SubServer 0] Killing all connections...
[10:53:19 PM][<DEBUG>][SubServer 0] Killing self.
[10:54:06 PM][MountainDew] Server is starting up...
[10:54:06 PM][MountainDew] Server is in DEBUG mode.
[10:54:06 PM][MountainDew] Runtime log is active.
[10:54:06 PM][MountainDew] Will display console.
[10:54:06 PM][ModuleManager] No modules found.
[10:54:06 PM][SubServer 0] SubServer 0 up and running.
[10:54:06 PM][ConnectionAcceptor] Acceptor running. Port: 8688
[10:54:24 PM][Server] Shutting everything down.
[10:54:24 PM][UserDatabase] Saving all profiles before going down...
[10:54:24 PM][UserDatabase] Saved all profiles.
[10:54:24 PM][UserDatabase] Saved NUID. Current NUID is 2.
[10:54:24 PM][<DEBUG>][SubServer 0] Killing all connections...
[10:54:24 PM][<DEBUG>][SubServer 0] Killing self.
[10:54:24 PM][<DEBUG>][Server] Exited wait block.
[10:55:54 PM][MountainDew] Server is starting up...
[10:55:54 PM][MountainDew] Server is in DEBUG mode.
[10:55:54 PM][MountainDew] Runtime log is active.
[10:55:54 PM][MountainDew] Will display console.
[10:55:54 PM][ModuleManager] No modules found.
[10:55:54 PM][SubServer 0] SubServer 0 up and running.
[10:55:54 PM][ConnectionAcceptor] Acceptor running. Port: 8688
[10:55:57 PM][Server] Shutting everything down.
[10:55:57 PM][UserDatabase] Saving all profiles before going down...
[10:55:57 PM][UserDatabase] Saved all profiles.
[10:55:57 PM][UserDatabase] Saved NUID. Current NUID is 2.
[10:55:57 PM][<DEBUG>][SubServer 0] Killing all connections...
[10:55:57 PM][<DEBUG>][SubServer 0] Killing self.
[10:56:20 PM][MountainDew] Server is starting up...
[10:56:20 PM][MountainDew] Server is in DEBUG mode.
[10:56:20 PM][MountainDew] Runtime log is active.
[10:56:20 PM][MountainDew] Will display console.
[10:56:20 PM][ModuleManager] No modules found.
[10:56:20 PM][SubServer 0] SubServer 0 up and running.
[10:56:20 PM][ConnectionAcceptor] Acceptor running. Port: 8688
[10:56:20 PM][Server] Shutting everything down.
[10:56:20 PM][UserDatabase] Saving all profiles before going down...
[10:56:20 PM][<DEBUG>][ServerClock] Server clock was killed.
[10:56:20 PM][UserDatabase] Saved all profiles.
[10:56:20 PM][UserDatabase] Saved NUID. Current NUID is 2.
[10:56:20 PM][<DEBUG>][SubServer 0] Killing all connections...
[10:56:20 PM][<DEBUG>][SubServer 0] Killing self.
[10:56:20 PM][<DEBUG>][Server] Exited wait block.
[10:57:27 PM][MountainDew] Server is starting up...
[10:57:27 PM][MountainDew] Server is in DEBUG mode.
[10:57:27 PM][MountainDew] Runtime log is active.
[10:57:27 PM][MountainDew] Will display console.
[10:57:27 PM][ModuleManager] No modules found.
[10:57:27 PM][Backup] Backup starting...
[10:57:27 PM][SubServer 0] SubServer 0 up and running.
[10:57:27 PM][ConnectionAcceptor] Acceptor running. Port: 8688
[10:57:27 PM][Backup] Backup finished.
[10:57:27 PM][Backup] Backup starting...
[10:57:27 PM][Backup] Backup finished.
[10:57:27 PM][Backup] Backup starting...
[10:57:27 PM][Backup] Backup finished.
[10:57:27 PM][Backup] Backup starting...
[10:57:27 PM][Backup] Backup finished.
[10:57:27 PM][Backup] Backup starting...
[10:57:27 PM][Backup] Backup finished.
[10:57:27 PM][Backup] Backup starting...
[10:57:27 PM][Backup] Backup finished.
[10:57:27 PM][Backup] Backup starting...
[10:57:27 PM][Backup] Backup finished.
[10:57:27 PM][Backup] Backup starting...
[10:57:27 PM][Backup] Backup finished.
[10:57:27 PM][Backup] Backup starting...
[10:57:27 PM][Backup] Backup finished.
[10:57:27 PM][Backup] Backup starting...
[10:57:27 PM][Backup] Backup finished.
[10:57:27 PM][Backup] Backup starting...
[10:57:27 PM][Backup] Backup finished.
[10:57:27 PM][Backup] Backup starting...
[10:57:27 PM][Backup] Backup finished.
[10:57:27 PM][Backup] Backup starting...
[10:57:28 PM][Backup] Backup finished.
[10:57:28 PM][Backup] Backup starting...
[10:57:28 PM][Backup] Backup finished.
[10:57:28 PM][Backup] Backup starting...
[10:57:28 PM][Backup] Backup finished.
[10:57:28 PM][Backup] Backup starting...
[10:57:28 PM][Backup] Backup finished.
[10:57:28 PM][Backup] Backup starting...
[10:57:28 PM][Backup] Backup finished.
[10:57:28 PM][Backup] Backup starting...
[10:57:28 PM][Backup] Backup finished.
[10:57:28 PM][Backup] Backup starting...
[10:57:28 PM][Backup] Backup finished.
[10:57:28 PM][Backup] Backup starting...
[10:57:28 PM][Backup] Backup finished.
[10:57:28 PM][Backup] Backup starting...
[10:57:28 PM][Backup] Backup finished.
[10:57:28 PM][Backup] Backup starting...
[10:57:28 PM][Backup] Backup finished.
[10:57:28 PM][Backup] Backup starting...
[10:57:28 PM][Backup] Backup finished.
[10:57:28 PM][Backup] Backup starting...
[10:57:28 PM][Backup] Backup finished.
[10:57:28 PM][Backup] Backup starting...
[10:57:28 PM][Backup] Backup finished.
[10:57:28 PM][Backup] Backup starting...
[10:57:28 PM][Backup] Backup finished.
[10:57:28 PM][Backup] Backup starting...
[10:57:28 PM][Backup] Backup finished.
[10:57:28 PM][Backup] Backup starting...
[10:57:28 PM][Backup] Backup finished.
[10:57:28 PM][Backup] Backup starting...
[10:57:28 PM][Backup] Backup finished.
[10:57:28 PM][Backup] Backup starting...
[10:57:28 PM][Backup] Backup finished.
[10:57:28 PM][Backup] Backup starting...
[10:57:28 PM][Backup] Backup finished.
[10:57:28 PM][Backup] Backup starting...
[10:57:28 PM][Backup] Backup finished.
[10:57:28 PM][Backup] Backup starting...
[10:57:28 PM][Backup] Backup finished.
[10:57:28 PM][Backup] Backup starting...
[10:57:28 PM][Backup] Backup finished.
[10:57:28 PM][Backup] Backup starting...
[10:57:29 PM][Backup] Backup finished.
[10:57:29 PM][Backup] Backup starting...
[10:57:29 PM][Backup] Backup finished.
[10:57:29 PM][Backup] Backup starting...
[10:57:29 PM][Backup] Backup finished.
[10:57:29 PM][Backup] Backup starting...
[10:57:29 PM][Backup] Backup finished.
[10:57:29 PM][Backup] Backup starting...
[10:57:29 PM][Backup] Backup finished.
[10:57:29 PM][Backup] Backup starting...
[10:57:29 PM][Backup] Backup finished.
[10:57:29 PM][Backup] Backup starting...
[10:57:29 PM][Backup] Backup finished.
[10:57:29 PM][Backup] Backup starting...
[10:57:29 PM][Backup] Backup finished.
[10:57:29 PM][Backup] Backup starting...
[10:57:29 PM][Backup] Backup finished.
[10:57:29 PM][Backup] Backup starting...
[10:57:29 PM][Backup] Backup finished.
[10:57:29 PM][Backup] Backup starting...
[10:57:29 PM][Backup] Backup finished.
[10:57:29 PM][Backup] Backup starting...
[10:57:29 PM][Backup] Backup finished.
[10:57:29 PM][Backup] Backup starting...
[10:57:29 PM][Backup] Backup finished.
[10:57:29 PM][Backup] Backup starting...
[10:57:29 PM][Backup] Backup finished.
[10:57:29 PM][Backup] Backup starting...
[10:57:29 PM][Backup] Backup finished.
[10:57:29 PM][Backup] Backup starting...
[10:57:29 PM][Backup] Backup finished.
[10:57:29 PM][Backup] Backup starting...
[10:57:29 PM][Backup] Backup finished.
[10:57:29 PM][Backup] Backup starting...
[10:57:29 PM][Backup] Backup finished.
[10:57:29 PM][Backup] Backup starting...
[10:57:29 PM][Backup] Backup finished.
[10:57:29 PM][Backup] Backup starting...
[10:57:29 PM][Backup] Backup finished.
[10:57:29 PM][Backup] Backup starting...
[10:57:29 PM][Backup] Backup finished.
[10:57:29 PM][Backup] Backup starting...
[10:57:29 PM][Backup] Backup finished.
[10:57:29 PM][Backup] Backup starting...
[10:57:30 PM][Backup] Backup finished.
[10:57:30 PM][Backup] Backup starting...
[10:57:30 PM][Backup] Backup finished.
[10:57:30 PM][Backup] Backup starting...
[10:57:30 PM][Backup] Backup finished.
[10:57:30 PM][Backup] Backup starting...
[10:57:30 PM][Backup] Backup finished.
[10:57:30 PM][Backup] Backup starting...
[10:57:30 PM][Backup] Backup finished.
[10:57:30 PM][Server] Shutting everything down.
[10:57:30 PM][UserDatabase] Saving all profiles before going down...
[10:57:30 PM][Backup] Backup starting...
[10:57:30 PM][UserDatabase] Saved all profiles.
[10:57:30 PM][UserDatabase] Saved NUID. Current NUID is 2.
[10:57:30 PM][<DEBUG>][SubServer 0] Killing all connections...
[10:57:30 PM][<DEBUG>][SubServer 0] Killing self.
[10:58:23 PM][MountainDew] Server is starting up...
[10:58:23 PM][MountainDew] Server is in DEBUG mode.
[10:58:23 PM][MountainDew] Runtime log is active.
[10:58:23 PM][MountainDew] Will display console.
[10:58:23 PM][ModuleManager] No modules found.
[10:58:23 PM][SubServer 0] SubServer 0 up and running.
[10:58:23 PM][ConnectionAcceptor] Acceptor running. Port: 8688
[11:28:23 PM][Backup] Backup starting...
[11:28:23 PM][Backup] Backup finished.
[11:58:22 PM][Backup] Backup starting...
[11:58:23 PM][Backup] Backup finished.
