--[Server log for date: 12/27/2014]--


[12:28:23 AM][Backup] Backup starting...
[12:28:23 AM][Backup] Backup finished.
[12:58:23 AM][Backup] Backup starting...
[12:58:23 AM][Backup] Backup finished.
[01:28:23 AM][Backup] Backup starting...
[01:28:23 AM][Backup] Backup finished.
[01:58:23 AM][Backup] Backup starting...
[01:58:23 AM][Backup] Backup finished.
[02:28:23 AM][Backup] Backup starting...
[02:28:23 AM][Backup] Backup finished.
[02:58:23 AM][Backup] Backup starting...
[02:58:23 AM][Backup] Backup finished.
[03:01:12 AM][Server] Shutting everything down.
[03:01:12 AM][UserDatabase] Saving all profiles before going down...
[03:01:12 AM][UserDatabase] Saved all profiles.
[03:01:12 AM][UserDatabase] Saved NUID. Current NUID is 2.
[03:01:12 AM][<DEBUG>][SubServer 0] Killing all connections...
[03:01:12 AM][<DEBUG>][SubServer 0] Killing self.
[03:01:12 AM][<DEBUG>][Server] Exited wait block.
[03:01:15 AM][MountainDew] Server is starting up...
[03:01:15 AM][MountainDew] Server is in DEBUG mode.
[03:01:15 AM][MountainDew] Runtime log is active.
[03:01:15 AM][MountainDew] Will display console.
[03:01:15 AM][ModuleManager] No modules found.
[03:01:15 AM][SubServer 0] SubServer 0 up and running.
[03:01:15 AM][ConnectionAcceptor] Acceptor running. Port: 8688
[03:01:16 AM][Server] Shutting everything down.
[03:01:16 AM][UserDatabase] Saving all profiles before going down...
[03:01:16 AM][UserDatabase] Saved all profiles.
[03:01:16 AM][UserDatabase] Saved NUID. Current NUID is 2.
[03:01:16 AM][<DEBUG>][SubServer 0] Killing all connections...
[03:01:16 AM][<DEBUG>][SubServer 0] Killing self.
[03:04:05 AM][MountainDew] Server is starting up...
[03:04:05 AM][MountainDew] Server is in DEBUG mode.
[03:04:05 AM][MountainDew] Runtime log is active.
[03:04:05 AM][MountainDew] Will display console.
[03:04:05 AM][ModuleManager] No modules found.
[03:04:05 AM][SubServer 0] SubServer 0 up and running.
[03:04:05 AM][ConnectionAcceptor] Acceptor running. Port: 8688
[03:34:04 AM][Backup] Backup starting...
[03:34:04 AM][Backup] Backup finished.
