--[Server log for date: 12/02/2014]--


[10:53:14 PM][CTP Server] Server is starting up...
[10:53:14 PM][CTP Server] Server is in DEBUG mode.
[10:53:14 PM][CTP Server] Runtime log is active.
[10:53:14 PM][CTP Server] Will display console.
[10:53:14 PM][ModuleManager] Added module: HelloWorldModule.
[10:53:14 PM][ModuleManager] Finished loading modules.
[10:53:14 PM][SubServer 0] SubServer 0 up and running.
[10:53:14 PM][ConnectionAcceptor] Acceptor running. Port: 8688
[10:53:29 PM][Server] Shutting everything down.
[10:53:29 PM][<DEBUG>][CycleProcessManager] CycleProcessManager was killed.
[10:53:29 PM][UserDatabase] Saving all profiles before going down...
[10:53:29 PM][UserDatabase] Saved all profiles.
[10:53:29 PM][UserDatabase] Saved NUID. Current NUID is 2.
[10:53:29 PM][<DEBUG>][UserDatabase] UserDatabase was killed.
[10:53:29 PM][<DEBUG>][SubServer 0] Killing all connections...
[10:53:29 PM][<DEBUG>][SubServer 0] Killing self.
[10:53:29 PM][<DEBUG>][Server] Exited wait block.
[11:47:19 PM][CTP Server] Server is starting up...
[11:47:19 PM][CTP Server] Server is in DEBUG mode.
[11:47:19 PM][CTP Server] Runtime log is active.
[11:47:19 PM][CTP Server] Will display console.
[11:47:19 PM][ModuleManager] Encountered problem while loading module: ./Data/Modules/HelloWorldModule.module.
java.io.InvalidClassException: com.ctp.modules.HelloWorldModule$1; local class incompatible: stream classdesc serialVersionUID = -7534996778267588340, local class serialVersionUID = 979830015666042799
	at java.io.ObjectStreamClass.initNonProxy(ObjectStreamClass.java:621)
	at java.io.ObjectInputStream.readNonProxyDesc(ObjectInputStream.java:1623)
	at java.io.ObjectInputStream.readClassDesc(ObjectInputStream.java:1518)
	at java.io.ObjectInputStream.readOrdinaryObject(ObjectInputStream.java:1774)
	at java.io.ObjectInputStream.readObject0(ObjectInputStream.java:1351)
	at java.io.ObjectInputStream.readObject(ObjectInputStream.java:371)
	at java.util.ArrayList.readObject(ArrayList.java:791)
	at sun.reflect.NativeMethodAccessorImpl.invoke0(Native Method)
	at sun.reflect.NativeMethodAccessorImpl.invoke(NativeMethodAccessorImpl.java:62)
	at sun.reflect.DelegatingMethodAccessorImpl.invoke(DelegatingMethodAccessorImpl.java:43)
	at java.lang.reflect.Method.invoke(Method.java:483)
	at java.io.ObjectStreamClass.invokeReadObject(ObjectStreamClass.java:1017)
	at java.io.ObjectInputStream.readSerialData(ObjectInputStream.java:1896)
	at java.io.ObjectInputStream.readOrdinaryObject(ObjectInputStream.java:1801)
	at java.io.ObjectInputStream.readObject0(ObjectInputStream.java:1351)
	at java.io.ObjectInputStream.defaultReadFields(ObjectInputStream.java:1993)
	at java.io.ObjectInputStream.readSerialData(ObjectInputStream.java:1918)
	at java.io.ObjectInputStream.readOrdinaryObject(ObjectInputStream.java:1801)
	at java.io.ObjectInputStream.readObject0(ObjectInputStream.java:1351)
	at java.io.ObjectInputStream.readObject(ObjectInputStream.java:371)
	at com.ctp.modules.ModuleManager.loadModules(ModuleManager.java:116)
	at com.ctp.server.Server.run(Server.java:235)
[11:47:19 PM][ModuleManager] Finished loading modules.
[11:47:19 PM][SubServer 0] SubServer 0 up and running.
[11:47:19 PM][ConnectionAcceptor] Acceptor running. Port: 8688
[11:49:09 PM][Server] Shutting everything down.
[11:49:09 PM][UserDatabase] Saving all profiles before going down...
[11:49:09 PM][<DEBUG>][CycleProcessManager] CycleProcessManager was killed.
[11:49:09 PM][UserDatabase] Saved all profiles.
[11:49:09 PM][UserDatabase] Saved NUID. Current NUID is 2.
[11:49:09 PM][<DEBUG>][UserDatabase] UserDatabase was killed.
[11:49:09 PM][<DEBUG>][SubServer 0] Killing all connections...
[11:49:09 PM][<DEBUG>][SubServer 0] Killing self.
[11:49:15 PM][CTP Server] Server is starting up...
[11:49:15 PM][CTP Server] Server is in DEBUG mode.
[11:49:15 PM][CTP Server] Runtime log is active.
[11:49:15 PM][CTP Server] Will display console.
[11:49:15 PM][ModuleManager] No modules found.
[11:49:15 PM][SubServer 0] SubServer 0 up and running.
[11:49:15 PM][ConnectionAcceptor] Acceptor running. Port: 8688
[11:51:54 PM][SubServerManager] Currently active SubServers: 1
[11:51:54 PM]-----------------------------------------------------------
[11:51:54 PM]SubServer 0; Population: 1, POC: 0%
[11:51:54 PM]-----------------------------------------------------------
[11:52:09 PM][SubServerManager] Currently active SubServers: 1
[11:52:09 PM]-----------------------------------------------------------
[11:52:09 PM]SubServer 0; Population: 1, POC: 0%
[11:52:09 PM]-----------------------------------------------------------
[11:52:12 PM][<DEBUG>][SubServer 0] Removing connection: N2@127.0.0.1
[11:52:12 PM][<DEBUG>][CycleProcessManager] Removing CycleProcess: N2@127.0.0.1
[11:52:18 PM][SubServerManager] Currently active SubServers: 1
[11:52:18 PM]-----------------------------------------------------------
[11:52:18 PM]SubServer 0; Population: 0, POC: 0%
[11:52:18 PM]-----------------------------------------------------------
[11:54:15 PM][CycleProcessManager] Average cycle time over 5 minutes: .00012ms.
[11:59:15 PM][CycleProcessManager] Average cycle time over 5 minutes: .000112ms.
[11:59:15 PM][UserDatabase] Beginning autosave...
[11:59:15 PM][UserDatabase] Saved all profiles.
