--[Server log for date: 12/31/2014]--


[10:46:11 PM][MountainDew] Server is starting up...
[10:46:11 PM][MountainDew] Server is in DEBUG mode.
[10:46:11 PM][MountainDew] Runtime log is active.
[10:46:11 PM][MountainDew] Will display console.
[10:46:11 PM][ModuleManager] No modules found.
[10:46:11 PM][SubServer 0] SubServer 0 up and running.
[10:46:11 PM][ConnectionAcceptor] Acceptor running. Port: 8688
[11:14:50 PM][Server] Shutting everything down.
[11:14:50 PM][UserDatabase] Saving all profiles before going down...
[11:14:50 PM][UserDatabase] Saved all profiles.
[11:14:50 PM][UserDatabase] Saved NUID. Current NUID is 2.
[11:14:50 PM][<DEBUG>][SubServer 0] Killing all connections...
[11:14:50 PM][<DEBUG>][SubServer 0] Killing self.
[11:45:39 PM][MountainDew] Server is starting up...
[11:45:39 PM][MountainDew] Server is in DEBUG mode.
[11:45:39 PM][MountainDew] Runtime log is active.
[11:45:39 PM][MountainDew] Will display console.
[11:45:39 PM][ModuleManager] No modules found.
[11:45:39 PM][SubServer 0] SubServer 0 up and running.
[11:45:39 PM][ConnectionAcceptor] Acceptor running. Port: 8688
[11:45:42 PM][Server] Shutting everything down.
[11:45:42 PM][UserDatabase] Saving all profiles before going down...
[11:45:42 PM][UserDatabase] Saved all profiles.
[11:45:42 PM][UserDatabase] Saved NUID. Current NUID is 2.
[11:45:42 PM][<DEBUG>][SubServer 0] Killing all connections...
[11:45:42 PM][<DEBUG>][SubServer 0] Killing self.
