--[Server log for date: 10/17/2014]--




Server starting up...

[CTP Server] Runtime Log Active.
[01:09:29][CTP Server] Print methods will display time.
[01:09:29][CTP Server] Throwing in some sleep calls to reduce CPU usage.
[01:09:29][CTP Server] Debug Mode.
[01:09:29][Server:Sub_0] SubServer 0 up and running.
[01:09:29][CycleProcessManager] CycleProcessManager is up and running.
[01:09:29][ConnectionAcceptor] Acceptor running.
[01:09:47][com.ctp.server.Server$1@7815023c] Shutting everything down.
java.lang.IllegalArgumentException: bad position: -1
	at javax.swing.text.JTextComponent.setCaretPosition(Unknown Source)
	at com.ctp.io.ConsoleManager.addMessage(ConsoleManager.java:90)
	at com.ctp.io.ConsoleManager.addConsoleMessage(ConsoleManager.java:48)
	at com.ctp.io.ServerIO.printDebug(ServerIO.java:142)
	at com.ctp.util.CycleProcessManager.run(CycleProcessManager.java:52)
[01:09:47][<DEBUG>][CycleProcessManager] Was killed.
[01:09:47][UserDatabase] Interrupted. This is OKAY (in most cases).
[01:09:47][UserDatabase] Saving all profiles before going down...
[01:09:47][UserDatabase] Saved NUID. Current NUID is 25.
[01:09:47][Server:Sub_0] Killing all connections...
[01:09:50][Server:Sub_0] Killing self.
