--[Server log for date: 10/29/2014]--




Server starting up...

[CTP Server] Runtime Log Active.
[01:56:25][CTP Server] Print methods will display time.
[01:56:25][CTP Server] Throwing in some sleep calls to reduce CPU usage.
[01:56:25][CTP Server] Debug Mode.
[01:56:25][CycleProcessManager] CycleProcessManager is up and running.
[01:56:25][Server:Sub_0] SubServer 0 up and running.
[01:56:25][ConnectionAcceptor] Acceptor running.
[01:57:25][UserDatabase] Beginning autosave...
[01:58:25][UserDatabase] Beginning autosave...


Server starting up...

[CTP Server] Runtime Log Active.
[01:58:33][CTP Server] Print methods will display time.
[01:58:33][CTP Server] Throwing in some sleep calls to reduce CPU usage.
[01:58:33][CTP Server] Debug Mode.
[01:58:33][CycleProcessManager] CycleProcessManager is up and running.
[01:58:33][Server:Sub_0] SubServer 0 up and running.
[01:58:33][ConnectionAcceptor] Acceptor running.


Server starting up...

[CTP Server] Runtime Log Active.
[01:59:15][CTP Server] Print methods will display time.
[01:59:15][CTP Server] Throwing in some sleep calls to reduce CPU usage.
[01:59:15][CTP Server] Debug Mode.
[01:59:15][CycleProcessManager] CycleProcessManager is up and running.
[01:59:15][Server:Sub_0] SubServer 0 up and running.
[01:59:15][ConnectionAcceptor] Acceptor running.


Server starting up...

[CTP Server] Runtime Log Active.
[02:04:07][CTP Server] Print methods will display time.
[02:04:07][CTP Server] Throwing in some sleep calls to reduce CPU usage.
[02:04:07][CTP Server] Debug Mode.
[02:04:07][CycleProcessManager] CycleProcessManager is up and running.
[02:04:07][Server:Sub_0] SubServer 0 up and running.
[02:04:07][ConnectionAcceptor] Acceptor running.
[02:04:30][com.ctp.server.Server$1@41ba5543] Shutting everything down.
[02:04:30][<DEBUG>][CycleProcessManager] Was killed.
[02:04:30][UserDatabase] Interrupted. This is OKAY (in most cases).
[02:04:30][UserDatabase] Saving all profiles before going down...
[02:04:30][UserDatabase] Saved NUID. Current NUID is 26.
[02:04:30][Server:Sub_0] Killing all connections...
[02:04:30][Server:Sub_0] Killing self.


Server starting up...

[CTP Server] Runtime Log Active.
[02:04:43][CTP Server] Print methods will display time.
[02:04:43][CTP Server] Throwing in some sleep calls to reduce CPU usage.
[02:04:43][CTP Server] Debug Mode.
[02:04:43][Server:Sub_0] SubServer 0 up and running.
[02:04:43][CycleProcessManager] CycleProcessManager is up and running.
[02:04:43][ConnectionAcceptor] Acceptor running.
[02:05:42][UserDatabase] Beginning autosave...
