--[Server log for date: 10/30/2014]--




[01:34:21]Server starting up...

[01:34:21][CTP Server] Runtime Log Active.
[01:34:21][CycleProcessManager] CycleProcessManager is up and running.
[01:34:21][Server:Sub_0] SubServer 0 up and running.
[01:34:21][ConnectionAcceptor] Acceptor running.


[01:34:57]Server starting up...

[01:34:57][CTP Server] Runtime Log Active.
[01:34:57][CycleProcessManager] CycleProcessManager is up and running.
[01:34:57][ConnectionAcceptor] Acceptor running.
[01:34:57][Server:Sub_0] SubServer 0 up and running.


[01:35:19]Server starting up...

[01:35:19][CTP Server] Runtime Log Active.
[01:35:19][Server:Sub_0] SubServer 0 up and running.
[01:35:19][CycleProcessManager] CycleProcessManager is up and running.
[01:35:19][ConnectionAcceptor] Acceptor running.


[01:35:48]Server starting up...

[01:35:48][CTP Server] Runtime Log Active.
[01:35:48][Server:Sub_0] SubServer 0 up and running.
[01:35:48][ConnectionAcceptor] Acceptor running.
[01:35:48][CycleProcessManager] CycleProcessManager is up and running.


[01:38:31]Server starting up...

[01:38:31][CTP Server] Runtime Log Active.
[01:38:31][CycleProcessManager] CycleProcessManager is up and running.
[01:38:31][Server:Sub_0] SubServer 0 up and running.
[01:38:31][ConnectionAcceptor] Acceptor running.
[01:39:20][UserDatabase] UserDatabase up and running.
[01:39:20][UserDatabase] youre a noob is new. Generating profile.
[01:39:20][UserDatabase] Added new user youre a noob with ID 26.
[01:39:20][UserDatabase] youre a noob has logged in.
[01:39:20][UserDatabase] Saved NUID. Current NUID is 27.
[01:39:20][UserDatabase] youre a noob's profile saved successfully.
[01:39:27][UserDatabase] youre a noob's profile saved successfully.
[01:39:27][UserDatabase] youre a noob's profile closed successfully.
[01:39:37][UserDatabase] youre a noob has logged in.
[01:39:38][UserDatabase] youre a noob's profile saved successfully.
[01:39:38][UserDatabase] youre a noob's profile closed successfully.
[01:39:38][UserDatabase] youre a noob has logged in.
[01:39:38][UserDatabase] youre a noob's profile saved successfully.
[01:39:38][UserDatabase] youre a noob's profile closed successfully.
[01:39:39][UserDatabase] youre a noob has logged in.
[01:39:40][UserDatabase] youre a noob's profile saved successfully.
[01:39:40][UserDatabase] youre a noob's profile closed successfully.
[01:39:41][UserDatabase] youre a noob has logged in.
[01:39:42][UserDatabase] youre a noob's profile saved successfully.
[01:39:42][UserDatabase] youre a noob's profile closed successfully.
[01:39:43][UserDatabase] youre a noob has logged in.
[01:39:44][UserDatabase] youre a noob's profile saved successfully.
[01:39:44][UserDatabase] youre a noob's profile closed successfully.
[01:39:45][UserDatabase] youre a noob has logged in.
[01:39:46][UserDatabase] youre a noob's profile saved successfully.
[01:39:46][UserDatabase] youre a noob's profile closed successfully.
[01:39:47][UserDatabase] youre a noob has logged in.
[01:39:47][UserDatabase] youre a noob's profile saved successfully.
[01:39:47][UserDatabase] youre a noob's profile closed successfully.
[01:39:47][UserDatabase] youre a noob has logged in.
[01:39:48][UserDatabase] youre a noob's profile saved successfully.
[01:39:48][UserDatabase] youre a noob's profile closed successfully.
[01:39:49][UserDatabase] youre a noob has logged in.
[01:39:50][UserDatabase] youre a noob's profile saved successfully.
[01:39:50][UserDatabase] youre a noob's profile closed successfully.
[01:39:51][UserDatabase] youre a noob has logged in.
[01:39:52][UserDatabase] youre a noob's profile saved successfully.
[01:39:52][UserDatabase] youre a noob's profile closed successfully.
[01:39:53][UserDatabase] youre a noob has logged in.
[01:39:54][UserDatabase] youre a noob's profile saved successfully.
[01:39:54][UserDatabase] youre a noob's profile closed successfully.
[01:39:55][UserDatabase] youre a noob has logged in.
[01:39:56][UserDatabase] youre a noob's profile saved successfully.
[01:39:56][UserDatabase] youre a noob's profile closed successfully.
[01:39:56][UserDatabase] youre a noob has logged in.
[01:39:57][UserDatabase] youre a noob's profile saved successfully.
[01:39:57][UserDatabase] youre a noob's profile closed successfully.
[01:39:58][UserDatabase] youre a noob has logged in.
[01:39:59][UserDatabase] youre a noob's profile saved successfully.
[01:39:59][UserDatabase] youre a noob's profile closed successfully.
[01:39:59][UserDatabase] youre a noob has logged in.
[01:40:00][UserDatabase] youre a noob's profile saved successfully.
[01:40:00][UserDatabase] youre a noob's profile closed successfully.
[01:40:01][UserDatabase] youre a noob has logged in.
[01:40:02][UserDatabase] youre a noob's profile saved successfully.
[01:40:02][UserDatabase] youre a noob's profile closed successfully.
[01:40:03][UserDatabase] youre a noob has logged in.
[01:40:03][UserDatabase] youre a noob's profile saved successfully.
[01:40:03][UserDatabase] youre a noob's profile closed successfully.
[01:40:04][UserDatabase] youre a noob has logged in.
[01:40:05][UserDatabase] youre a noob's profile saved successfully.
[01:40:05][UserDatabase] youre a noob's profile closed successfully.
[01:40:05][UserDatabase] youre a noob has logged in.
[01:40:06][UserDatabase] youre a noob's profile saved successfully.
[01:40:06][UserDatabase] youre a noob's profile closed successfully.
[01:40:07][UserDatabase] youre a noob has logged in.
[01:40:08][UserDatabase] youre a noob's profile saved successfully.
[01:40:08][UserDatabase] youre a noob's profile closed successfully.
[01:40:09][UserDatabase] youre a noob has logged in.
[01:40:10][UserDatabase] youre a noob's profile saved successfully.
[01:40:10][UserDatabase] youre a noob's profile closed successfully.
[01:40:11][UserDatabase] youre a noob has logged in.
[01:40:12][UserDatabase] youre a noob's profile saved successfully.
[01:40:12][UserDatabase] youre a noob's profile closed successfully.
[01:40:15][UserDatabase] youre a noob has logged in.
[01:40:16][UserDatabase] youre a noob's profile saved successfully.
[01:40:16][UserDatabase] youre a noob's profile closed successfully.
[01:40:16][UserDatabase] youre a noob has logged in.
[01:40:19][UserDatabase] youre a noob's profile saved successfully.
[01:40:19][UserDatabase] youre a noob's profile closed successfully.
[01:40:19][UserDatabase] Beginning autosave...
[01:40:21][UserDatabase] youre a noob has logged in.
[01:40:22][UserDatabase] youre a noob's profile saved successfully.
[01:40:22][UserDatabase] youre a noob's profile closed successfully.
[01:40:23][UserDatabase] youre a noob has logged in.
[01:40:23][UserDatabase] youre a noob's profile saved successfully.
[01:40:23][UserDatabase] youre a noob's profile closed successfully.
[01:40:24][UserDatabase] youre a noob has logged in.
[01:40:26][UserDatabase] youre a noob's profile saved successfully.
[01:40:26][UserDatabase] youre a noob's profile closed successfully.
[01:40:27][UserDatabase] youre a noob has logged in.
[01:41:06][UserDatabase] youre a noob's profile saved successfully.
[01:41:06][UserDatabase] youre a noob's profile closed successfully.
[01:41:08][com.ctp.users.UserConnection$1@44a83ac9] Socket exception.
[01:41:19][UserDatabase] Beginning autosave...
[01:41:27][UserDatabase] noob is new. Generating profile.
[01:41:27][UserDatabase] Added new user noob with ID 27.
[01:41:27][UserDatabase] noob has logged in.
[01:41:27][UserDatabase] Saved NUID. Current NUID is 28.
[01:41:27][UserDatabase] noob's profile saved successfully.
[01:41:27][UserDatabase] noob's profile saved successfully.
[01:41:27][UserDatabase] noob's profile closed successfully.
[01:41:31][com.ctp.users.UserConnection$1@335f4c8] Socket exception.
[01:41:40][UserDatabase] noob has logged in.
[01:41:42][UserDatabase] noob's profile saved successfully.
[01:41:42][UserDatabase] noob's profile closed successfully.
[01:41:45][UserDatabase] noob has logged in.
[01:41:46][com.ctp.users.UserConnection$1@46d167de] Socket exception.
[01:41:46][UserDatabase] noob's profile saved successfully.
[01:41:46][UserDatabase] noob's profile closed successfully.
[01:42:12][com.ctp.server.Server$1@114bdfc9] Shutting everything down.
[01:42:12][<DEBUG>][CycleProcessManager] Was killed.
[01:42:19][UserDatabase] Beginning autosave...
[01:42:19][UserDatabase] Saving all profiles before going down...
[01:42:19][UserDatabase] Saved NUID. Current NUID is 28.


[02:32:30]Server starting up...

[02:32:30][CTP Server] Runtime Log Active.
[02:32:30][Server:Sub_0] SubServer 0 up and running.
[02:32:30][ConnectionAcceptor] Acceptor running.
[02:32:44][UserDatabase] GoatMaster is new. Generating profile.
[02:32:44][UserDatabase] UserDatabase up and running.
[02:32:44][UserDatabase] Added new user GoatMaster with ID 0.
[02:32:44][UserDatabase] GoatMaster has logged in.
[02:32:44][UserDatabase] Saved NUID. Current NUID is 1.
[02:32:45][UserDatabase] GoatMaster's profile closed successfully.
[02:33:44][UserDatabase] Beginning autosave...
[02:34:44][UserDatabase] Beginning autosave...
[02:35:44][UserDatabase] Beginning autosave...
[02:36:44][UserDatabase] Beginning autosave...


[02:37:03]Server starting up...

[02:37:03][CTP Server] Runtime Log Active.
[02:37:03][Server:Sub_0] SubServer 0 up and running.
[02:37:03][ConnectionAcceptor] Acceptor running.
[02:37:06][UserDatabase] GoatMaster is new. Generating profile.
[02:37:06][UserDatabase] UserDatabase up and running.
[02:37:07][UserDatabase] Added new user GoatMaster with ID 1.
[02:37:07][UserDatabase] GoatMaster has logged in.
[02:37:07][UserDatabase] Saved NUID. Current NUID is 2.
[02:37:08][UserDatabase] GoatMaster's profile closed successfully.
[02:38:07][UserDatabase] Beginning autosave...


[02:39:08]Server starting up...

[02:39:08][CTP Server] Runtime Log Active.
[02:39:08][Server:Sub_0] SubServer 0 up and running.
[02:39:08][ConnectionAcceptor] Acceptor running.
[02:39:09][com.ctp.server.Server$1@70ef7344] Shutting everything down.
[02:39:09][CycleProcessManager] CycleProcessManager is up and running.
[02:39:09][<DEBUG>][CycleProcessManager] Was killed.
[02:39:09][UserDatabase] UserDatabase up and running.
[02:39:09][UserDatabase] Saving all profiles before going down...
[02:39:09][UserDatabase] Saved NUID. Current NUID is 2.


[02:51:36]Server starting up...

[02:51:36][CTP Server] Runtime Log Active.
[02:51:36][ConnectionAcceptor] Acceptor running.
[02:51:36][Server:Sub_0] SubServer 0 up and running.
[02:51:59][UserDatabase] Lord Monkey King is new. Generating profile.
[02:51:59][UserDatabase] UserDatabase up and running.
[02:51:59][UserDatabase] Added new user Lord Monkey King with ID 2.
[02:51:59][UserDatabase] Lord Monkey King has logged in.
[02:51:59][UserDatabase] Saved NUID. Current NUID is 3.


[02:52:52]Server starting up...

[02:52:52][CTP Server] Runtime Log Active.
[02:52:52][Server:Sub_0] SubServer 0 up and running.
[02:52:52][ConnectionAcceptor] Acceptor running.
[02:53:00][UserDatabase] vavbro is new. Generating profile.
[02:53:00][UserDatabase] UserDatabase up and running.
[02:53:00][UserDatabase] Added new user vavbro with ID 3.
[02:53:00][UserDatabase] vavbro has logged in.
[02:53:00][UserDatabase] Saved NUID. Current NUID is 4.
[02:54:00][UserDatabase] Beginning autosave...
[02:54:00]Saved all profiles.


[02:54:44]Server starting up...

[02:54:44][CTP Server] Runtime Log Active.
[02:54:44][Server:Sub_0] SubServer 0 up and running.
[02:54:44][ConnectionAcceptor] Acceptor running.
[02:54:57][UserDatabase] vavbro is new. Generating profile.
[02:54:57][UserDatabase] UserDatabase up and running.
[02:54:57][UserDatabase] Added new user vavbro with ID 4.
[02:54:57][UserDatabase] vavbro has logged in.
[02:54:57][UserDatabase] Saved NUID. Current NUID is 5.
[02:55:08][UserDatabase] vavbro's profile closed successfully.
[02:55:57][UserDatabase] Beginning autosave...
[02:55:57]Saved all profiles.
[02:56:58][UserDatabase] Beginning autosave...
[02:56:58]Saved all profiles.
[02:57:57][UserDatabase] Beginning autosave...
[02:57:57]Saved all profiles.
[02:58:57][UserDatabase] Beginning autosave...
[02:58:57]Saved all profiles.
[02:59:57][UserDatabase] Beginning autosave...
[02:59:58]Saved all profiles.
[03:00:57][UserDatabase] Beginning autosave...
[03:00:57]Saved all profiles.
[03:01:58][UserDatabase] Beginning autosave...
[03:01:58]Saved all profiles.
[03:02:57][UserDatabase] Beginning autosave...
[03:02:57]Saved all profiles.
[03:03:57][UserDatabase] Beginning autosave...
[03:03:57]Saved all profiles.
[03:04:58][UserDatabase] Beginning autosave...
[03:04:58]Saved all profiles.


[03:05:26]Server starting up...

[03:05:26][CTP Server] Runtime Log Active.
[03:05:26][SubServerManager] SubServerManager is up and running.
[03:05:26][ConnectionAcceptor] Acceptor running.
[03:05:26][Server:Sub_0] SubServer 0 up and running.
[03:05:30][com.ctp.server.Server$1@5cfcc332] Shutting everything down.
[03:05:30][CycleProcessManager] CycleProcessManager is up and running.
[03:05:30][Server:Sub_0] Killing all connections...
[03:05:30][<DEBUG>][CycleProcessManager] Was killed.
[03:05:30][Server:Sub_0] Killing self.
[03:05:30][UserDatabase] UserDatabase up and running.
[03:05:30][UserDatabase] Saving all profiles before going down...
[03:05:30]Saved all profiles.
[03:05:30][UserDatabase] Saved NUID. Current NUID is 5.


[04:02:52]Server starting up...

[04:02:52][CTP Server] Runtime Log Active.
[04:02:52][SubServerManager] SubServerManager is up and running.
[04:02:52][Server:Sub_0] SubServer 0 up and running.
[04:02:52][ConnectionAcceptor] Acceptor running.
[04:04:55][UserDatabase] lol is new. Generating profile.
[04:04:55][UserDatabase] UserDatabase up and running.
[04:04:55][UserDatabase] Added new user lol with ID 5.
[04:04:55][UserDatabase] lol has logged in.
[04:04:55][UserDatabase] Saved NUID. Current NUID is 6.
[04:04:56][UserDatabase] lol's profile closed successfully.
[04:04:58][UserDatabase] lol is new. Generating profile.
[04:04:58][UserDatabase] Added new user lol with ID 6.
[04:04:58][UserDatabase] lol has logged in.
[04:04:58][UserDatabase] Saved NUID. Current NUID is 7.
[04:05:00][UserDatabase] lol's profile closed successfully.
[04:05:01][UserDatabase] lol is new. Generating profile.
[04:05:01][UserDatabase] Added new user lol with ID 7.
[04:05:01][UserDatabase] lol has logged in.
[04:05:01][UserDatabase] Saved NUID. Current NUID is 8.
[04:05:03][UserDatabase] lol's profile closed successfully.
[04:05:04][UserDatabase] lol is new. Generating profile.
[04:05:04][UserDatabase] Added new user lol with ID 8.
[04:05:04][UserDatabase] lol has logged in.
[04:05:04][UserDatabase] Saved NUID. Current NUID is 9.
[04:05:05][UserDatabase] lol's profile closed successfully.
[04:05:06][UserDatabase] lol is new. Generating profile.
[04:05:06][UserDatabase] Added new user lol with ID 9.
[04:05:06][UserDatabase] lol has logged in.
[04:05:06][UserDatabase] Saved NUID. Current NUID is 10.
[04:05:08][UserDatabase] lol's profile closed successfully.
[04:05:09][UserDatabase] lol is new. Generating profile.
[04:05:09][UserDatabase] Added new user lol with ID 10.
[04:05:09][UserDatabase] lol has logged in.
[04:05:09][UserDatabase] Saved NUID. Current NUID is 11.
[04:05:55][UserDatabase] Beginning autosave...
[04:05:55]Saved all profiles.
[04:06:55][UserDatabase] Beginning autosave...
[04:06:55]Saved all profiles.


[04:08:00]Server starting up...

[04:08:00][CTP Server] Runtime Log Active.
[04:08:00][SubServerManager] SubServerManager is up and running.
[04:08:00][Server:Sub_0] SubServer 0 up and running.
[04:08:00][ConnectionAcceptor] Acceptor running.
[04:08:02][UserDatabase] Generated user folder.
[04:08:02][UserDatabase] UserDatabase up and running.
[04:09:01][UserDatabase] Beginning autosave...
[04:09:01]Saved all profiles.


[04:09:23]Server starting up...

[04:09:23][CTP Server] Runtime Log Active.
[04:09:23][SubServerManager] SubServerManager is up and running.
[04:09:23][Server:Sub_0] SubServer 0 up and running.
[04:09:23][ConnectionAcceptor] Acceptor running.
[04:09:24][UserDatabase] UserDatabase up and running.


[04:09:51]Server starting up...

[04:09:51][CTP Server] Runtime Log Active.
[04:09:51][SubServerManager] SubServerManager is up and running.
[04:09:51][Server:Sub_0] SubServer 0 up and running.
[04:09:51][ConnectionAcceptor] Acceptor running.
[04:09:54][UserDatabase] UserDatabase up and running.


[04:10:39]Server starting up...

[04:10:39][CTP Server] Runtime Log Active.
[04:10:39][SubServerManager] SubServerManager is up and running.
[04:10:39][Server:Sub_0] SubServer 0 up and running.
[04:10:39][ConnectionAcceptor] Acceptor running.
[04:10:40][UserDatabase] UserDatabase up and running.
[04:11:41][UserDatabase] Beginning autosave...
[04:11:41]Saved all profiles.


[04:11:51]Server starting up...

[04:11:51][CTP Server] Runtime Log Active.
[04:11:51][SubServerManager] SubServerManager is up and running.
[04:11:51][Server:Sub_0] SubServer 0 up and running.
[04:11:51][ConnectionAcceptor] Acceptor running.
[04:11:53][UserDatabase] lol has logged in.
[04:11:53][UserDatabase] UserDatabase up and running.
[04:11:57][UserDatabase] lol's profile closed successfully.
[04:11:58][UserDatabase] lol has logged in.
[04:12:01][UserDatabase] lol's profile closed successfully.
[04:12:02][UserDatabase] lol has logged in.
[04:12:06][UserDatabase] lol's profile closed successfully.
[04:12:52][UserDatabase] Beginning autosave...
[04:12:52]Saved all profiles.
[04:13:53][UserDatabase] Beginning autosave...
[04:13:53]Saved all profiles.
[04:14:53][UserDatabase] Beginning autosave...
[04:14:53]Saved all profiles.
[04:15:52][UserDatabase] Beginning autosave...
[04:15:52]Saved all profiles.


[04:16:13]Server starting up...

[04:16:13][CTP Server] Runtime Log Active.
[04:16:13][SubServerManager] SubServerManager is up and running.
[04:16:13][Server:Sub_0] SubServer 0 up and running.
[04:16:13][ConnectionAcceptor] Acceptor running.
[04:16:30][UserDatabase] lols is new. Generating profile.
[04:16:30][UserDatabase] Added new user lols with ID 0.
[04:16:30][UserDatabase] lols has logged in.
[04:16:30][UserDatabase] Saved NUID. Current NUID is 1.
[04:17:21][Server] Shutting everything down.
[04:17:21][Server:Sub_0] Killing all connections...
[04:17:21][CycleProcessManager] CycleProcessManager is up and running.
[04:17:21][<DEBUG>][CycleProcessManager] CycleProcessManager was killed.
[04:17:25][Server:Sub_0] Killing self.
