--[Server log for date: 01/01/2015]--


[02:09:02 AM][MountainDew] Server is starting up...
[02:09:02 AM][MountainDew] Server is in DEBUG mode.
[02:09:02 AM][MountainDew] Runtime log is active.
[02:09:02 AM][MountainDew] Will display console.
[02:09:02 AM][ModuleManager] No modules found.
[02:09:02 AM][SubServer 0] SubServer 0 up and running.
[02:09:02 AM][ConnectionAcceptor] Acceptor running. Port: 8688
[null][UserDatabase] UserDatabase up and running.
[null][CycleProcessManager] CycleProcessManager is up and running.
[02:28:09 AM][MountainDew] Server is starting up...
[02:28:09 AM][MountainDew] Server is in DEBUG mode.
[02:28:09 AM][MountainDew] Runtime log is active.
[02:28:09 AM][MountainDew] Will display console.
[02:28:09 AM][ModuleManager] No modules found.
[02:28:09 AM][SubServer 0] SubServer 0 up and running.
[02:28:09 AM][ConnectionAcceptor] Error. Failed to bind acceptor. Already in use?
java.net.BindException: Address already in use
	at java.net.PlainSocketImpl.socketBind(Native Method)
	at java.net.AbstractPlainSocketImpl.bind(AbstractPlainSocketImpl.java:382)
	at java.net.ServerSocket.bind(ServerSocket.java:375)
	at java.net.ServerSocket.<init>(ServerSocket.java:237)
	at java.net.ServerSocket.<init>(ServerSocket.java:181)
	at com.dew.connection.ConnectionAcceptor.run(ConnectionAcceptor.java:46)
[02:29:18 AM][Server] Shutting everything down.
[02:29:18 AM][UserDatabase] Saving all profiles before going down...
[02:29:18 AM][UserDatabase] Saved all profiles.
[02:29:18 AM][UserDatabase] Saved NUID. Current NUID is 2.
[02:29:18 AM][<DEBUG>][SubServer 0] Killing all connections...
[02:29:18 AM][<DEBUG>][SubServer 0] Killing self.
[02:29:22 AM][MountainDew] Server is starting up...
[02:29:22 AM][MountainDew] Server is in DEBUG mode.
[02:29:22 AM][MountainDew] Runtime log is active.
[02:29:22 AM][MountainDew] Will display console.
[02:29:22 AM][ModuleManager] No modules found.
[02:29:22 AM][SubServer 0] SubServer 0 up and running.
[02:29:22 AM][ConnectionAcceptor] Error. Failed to bind acceptor. Already in use?
java.net.BindException: Address already in use
	at java.net.PlainSocketImpl.socketBind(Native Method)
	at java.net.AbstractPlainSocketImpl.bind(AbstractPlainSocketImpl.java:382)
	at java.net.ServerSocket.bind(ServerSocket.java:375)
	at java.net.ServerSocket.<init>(ServerSocket.java:237)
	at java.net.ServerSocket.<init>(ServerSocket.java:181)
	at com.dew.connection.ConnectionAcceptor.run(ConnectionAcceptor.java:46)
[02:29:24 AM][Server] Shutting everything down.
[02:29:24 AM][UserDatabase] Saving all profiles before going down...
[02:29:24 AM][UserDatabase] Saved all profiles.
[02:29:24 AM][UserDatabase] Saved NUID. Current NUID is 2.
[02:29:24 AM][<DEBUG>][SubServer 0] Killing all connections...
[02:29:24 AM][<DEBUG>][SubServer 0] Killing self.
[02:29:24 AM][<DEBUG>][Server] Exited wait block.
[02:30:00 AM][MountainDew] Server is starting up...
[02:30:00 AM][MountainDew] Server is in DEBUG mode.
[02:30:00 AM][MountainDew] Runtime log is active.
[02:30:00 AM][MountainDew] Will display console.
[02:30:00 AM][ModuleManager] No modules found.
[02:30:00 AM][SubServer 0] SubServer 0 up and running.
[02:30:00 AM][ConnectionAcceptor] Error. Failed to bind acceptor. Already in use?
java.net.BindException: Address already in use
	at java.net.PlainSocketImpl.socketBind(Native Method)
	at java.net.AbstractPlainSocketImpl.bind(AbstractPlainSocketImpl.java:382)
	at java.net.ServerSocket.bind(ServerSocket.java:375)
	at java.net.ServerSocket.<init>(ServerSocket.java:237)
	at java.net.ServerSocket.<init>(ServerSocket.java:181)
	at com.dew.connection.ConnectionAcceptor.run(ConnectionAcceptor.java:46)
[02:30:01 AM][Server] Shutting everything down.
[02:30:01 AM][UserDatabase] Saving all profiles before going down...
[02:30:01 AM][UserDatabase] Saved all profiles.
[02:30:01 AM][UserDatabase] Saved NUID. Current NUID is 2.
[02:30:01 AM][<DEBUG>][SubServer 0] Killing all connections...
[02:30:01 AM][<DEBUG>][SubServer 0] Killing self.
[02:30:01 AM][<DEBUG>][Server] Exited wait block.
[02:33:39 AM][MountainDew] Server is starting up...
[02:33:39 AM][MountainDew] Server is in DEBUG mode.
[02:33:39 AM][MountainDew] Runtime log is active.
[02:33:39 AM][MountainDew] Will display console.
[02:33:39 AM][ModuleManager] No modules found.
[02:33:39 AM][SubServer 0] SubServer 0 up and running.
[02:33:39 AM][ConnectionAcceptor] Error. Failed to bind acceptor. Already in use?
java.net.BindException: Address already in use
	at java.net.PlainSocketImpl.socketBind(Native Method)
	at java.net.AbstractPlainSocketImpl.bind(AbstractPlainSocketImpl.java:382)
	at java.net.ServerSocket.bind(ServerSocket.java:375)
	at java.net.ServerSocket.<init>(ServerSocket.java:237)
	at java.net.ServerSocket.<init>(ServerSocket.java:181)
	at com.dew.connection.ConnectionAcceptor.run(ConnectionAcceptor.java:46)
[02:33:40 AM][Server] Shutting everything down.
[02:33:40 AM][UserDatabase] Saving all profiles before going down...
[02:33:40 AM][UserDatabase] Saved all profiles.
[02:33:40 AM][UserDatabase] Saved NUID. Current NUID is 2.
[02:33:40 AM][<DEBUG>][SubServer 0] Killing all connections...
[02:33:40 AM][<DEBUG>][SubServer 0] Killing self.
[02:33:40 AM][<DEBUG>][Server] Exited wait block.
[02:34:30 AM][MountainDew] Server is starting up...
[02:34:30 AM][MountainDew] Server is in DEBUG mode.
[02:34:30 AM][MountainDew] Runtime log is active.
[02:34:30 AM][MountainDew] Will display console.
[02:34:30 AM][ModuleManager] No modules found.
[02:34:30 AM][SubServer 0] SubServer 0 up and running.
[02:34:30 AM][ConnectionAcceptor] Error. Failed to bind acceptor. Already in use?
java.net.BindException: Address already in use
	at java.net.PlainSocketImpl.socketBind(Native Method)
	at java.net.AbstractPlainSocketImpl.bind(AbstractPlainSocketImpl.java:382)
	at java.net.ServerSocket.bind(ServerSocket.java:375)
	at java.net.ServerSocket.<init>(ServerSocket.java:237)
	at java.net.ServerSocket.<init>(ServerSocket.java:181)
	at com.dew.connection.ConnectionAcceptor.run(ConnectionAcceptor.java:46)
[02:34:31 AM][Server] Shutting everything down.
[02:34:31 AM][UserDatabase] Saving all profiles before going down...
[02:34:31 AM][UserDatabase] Saved all profiles.
[02:34:31 AM][UserDatabase] Saved NUID. Current NUID is 2.
[02:34:31 AM][<DEBUG>][SubServer 0] Killing all connections...
[02:34:31 AM][<DEBUG>][SubServer 0] Killing self.
[02:34:31 AM][<DEBUG>][Server] Exited wait block.
[02:36:54 AM][MountainDew] Server is starting up...
[02:36:54 AM][MountainDew] Server is in DEBUG mode.
[02:36:54 AM][MountainDew] Runtime log is active.
[02:36:54 AM][MountainDew] Will display console.
[02:36:54 AM][ModuleManager] No modules found.
[02:36:54 AM][SubServer 0] SubServer 0 up and running.
[02:36:54 AM][ConnectionAcceptor] Error. Failed to bind acceptor. Already in use?
java.net.BindException: Address already in use
	at java.net.PlainSocketImpl.socketBind(Native Method)
	at java.net.AbstractPlainSocketImpl.bind(AbstractPlainSocketImpl.java:382)
	at java.net.ServerSocket.bind(ServerSocket.java:375)
	at java.net.ServerSocket.<init>(ServerSocket.java:237)
	at java.net.ServerSocket.<init>(ServerSocket.java:181)
	at com.dew.connection.ConnectionAcceptor.run(ConnectionAcceptor.java:46)
[02:36:57 AM][Server] Shutting everything down.
[02:36:57 AM][UserDatabase] Saving all profiles before going down...
[02:36:57 AM][UserDatabase] Saved all profiles.
[02:36:57 AM][UserDatabase] Saved NUID. Current NUID is 2.
[02:36:57 AM][<DEBUG>][SubServer 0] Killing all connections...
[02:36:57 AM][<DEBUG>][SubServer 0] Killing self.
[02:36:57 AM][<DEBUG>][Server] Exited wait block.
[02:37:10 AM][MountainDew] Server is starting up...
[02:37:10 AM][MountainDew] Server is in DEBUG mode.
[02:37:10 AM][MountainDew] Runtime log is active.
[02:37:10 AM][MountainDew] Will display console.
[02:37:10 AM][ModuleManager] No modules found.
[02:37:10 AM][SubServer 0] SubServer 0 up and running.
[02:37:10 AM][ConnectionAcceptor] Error. Failed to bind acceptor. Already in use?
java.net.BindException: Address already in use
	at java.net.PlainSocketImpl.socketBind(Native Method)
	at java.net.AbstractPlainSocketImpl.bind(AbstractPlainSocketImpl.java:382)
	at java.net.ServerSocket.bind(ServerSocket.java:375)
	at java.net.ServerSocket.<init>(ServerSocket.java:237)
	at java.net.ServerSocket.<init>(ServerSocket.java:181)
	at com.dew.connection.ConnectionAcceptor.run(ConnectionAcceptor.java:46)
[02:37:13 AM][Server] Shutting everything down.
[02:37:13 AM][UserDatabase] Saving all profiles before going down...
[02:37:13 AM][UserDatabase] Saved all profiles.
[02:37:13 AM][UserDatabase] Saved NUID. Current NUID is 2.
[02:37:13 AM][<DEBUG>][SubServer 0] Killing all connections...
[02:37:13 AM][<DEBUG>][SubServer 0] Killing self.
[02:37:13 AM][<DEBUG>][Server] Exited wait block.
[02:37:59 AM][MountainDew] Server is starting up...
[02:37:59 AM][MountainDew] Server is in DEBUG mode.
[02:37:59 AM][MountainDew] Runtime log is active.
[02:37:59 AM][MountainDew] Will display console.
[02:37:59 AM][ModuleManager] No modules found.
[02:37:59 AM][SubServer 0] SubServer 0 up and running.
[02:37:59 AM][ConnectionAcceptor] Error. Failed to bind acceptor. Already in use?
java.net.BindException: Address already in use
	at java.net.PlainSocketImpl.socketBind(Native Method)
	at java.net.AbstractPlainSocketImpl.bind(AbstractPlainSocketImpl.java:382)
	at java.net.ServerSocket.bind(ServerSocket.java:375)
	at java.net.ServerSocket.<init>(ServerSocket.java:237)
	at java.net.ServerSocket.<init>(ServerSocket.java:181)
	at com.dew.connection.ConnectionAcceptor.run(ConnectionAcceptor.java:46)
[02:37:59 AM][Server] Shutting everything down.
[02:37:59 AM][UserDatabase] Saving all profiles before going down...
[02:37:59 AM][UserDatabase] Saved all profiles.
[02:37:59 AM][UserDatabase] Saved NUID. Current NUID is 2.
[02:37:59 AM][<DEBUG>][SubServer 0] Killing all connections...
[02:37:59 AM][<DEBUG>][SubServer 0] Killing self.
[02:38:22 AM][MountainDew] Server is starting up...
[02:38:22 AM][MountainDew] Server is in DEBUG mode.
[02:38:22 AM][MountainDew] Runtime log is active.
[02:38:22 AM][MountainDew] Will display console.
[02:38:22 AM][ModuleManager] No modules found.
[02:38:22 AM][SubServer 0] SubServer 0 up and running.
[02:38:22 AM][ConnectionAcceptor] Error. Failed to bind acceptor. Already in use?
java.net.BindException: Address already in use
	at java.net.PlainSocketImpl.socketBind(Native Method)
	at java.net.AbstractPlainSocketImpl.bind(AbstractPlainSocketImpl.java:382)
	at java.net.ServerSocket.bind(ServerSocket.java:375)
	at java.net.ServerSocket.<init>(ServerSocket.java:237)
	at java.net.ServerSocket.<init>(ServerSocket.java:181)
	at com.dew.connection.ConnectionAcceptor.run(ConnectionAcceptor.java:46)
[02:38:23 AM][Server] Shutting everything down.
[02:38:23 AM][UserDatabase] Saving all profiles before going down...
[02:38:23 AM][UserDatabase] Saved all profiles.
[02:38:23 AM][UserDatabase] Saved NUID. Current NUID is 2.
[02:38:23 AM][<DEBUG>][SubServer 0] Killing all connections...
[02:38:23 AM][<DEBUG>][SubServer 0] Killing self.
[02:38:48 AM][MountainDew] Server is starting up...
[02:38:48 AM][MountainDew] Server is in DEBUG mode.
[02:38:48 AM][MountainDew] Runtime log is active.
[02:38:48 AM][MountainDew] Will display console.
[02:38:48 AM][ModuleManager] No modules found.
[02:38:48 AM][SubServer 0] SubServer 0 up and running.
[02:38:48 AM][ConnectionAcceptor] Error. Failed to bind acceptor. Already in use?
java.net.BindException: Address already in use
	at java.net.PlainSocketImpl.socketBind(Native Method)
	at java.net.AbstractPlainSocketImpl.bind(AbstractPlainSocketImpl.java:382)
	at java.net.ServerSocket.bind(ServerSocket.java:375)
	at java.net.ServerSocket.<init>(ServerSocket.java:237)
	at java.net.ServerSocket.<init>(ServerSocket.java:181)
	at com.dew.connection.ConnectionAcceptor.run(ConnectionAcceptor.java:46)
[02:39:18 AM][Server] Shutting everything down.
[02:39:18 AM][UserDatabase] Saving all profiles before going down...
[02:39:18 AM][UserDatabase] Saved all profiles.
[02:39:18 AM][UserDatabase] Saved NUID. Current NUID is 2.
[02:39:18 AM][<DEBUG>][SubServer 0] Killing all connections...
[02:39:18 AM][<DEBUG>][SubServer 0] Killing self.
[02:39:53 AM][MountainDew] Server is starting up...
[02:39:53 AM][MountainDew] Server is in DEBUG mode.
[02:39:53 AM][MountainDew] Runtime log is active.
[02:39:53 AM][MountainDew] Will display console.
[02:39:53 AM][ModuleManager] No modules found.
[02:39:53 AM][SubServer 0] SubServer 0 up and running.
[02:39:53 AM][ConnectionAcceptor] Error. Failed to bind acceptor. Already in use?
java.net.BindException: Address already in use
	at java.net.PlainSocketImpl.socketBind(Native Method)
	at java.net.AbstractPlainSocketImpl.bind(AbstractPlainSocketImpl.java:382)
	at java.net.ServerSocket.bind(ServerSocket.java:375)
	at java.net.ServerSocket.<init>(ServerSocket.java:237)
	at java.net.ServerSocket.<init>(ServerSocket.java:181)
	at com.dew.connection.ConnectionAcceptor.run(ConnectionAcceptor.java:46)
[02:39:54 AM][Server] Shutting everything down.
[02:39:54 AM][UserDatabase] Saving all profiles before going down...
[02:39:54 AM][UserDatabase] Saved all profiles.
[02:39:54 AM][UserDatabase] Saved NUID. Current NUID is 2.
[02:39:54 AM][<DEBUG>][SubServer 0] Killing all connections...
[02:39:54 AM][<DEBUG>][SubServer 0] Killing self.
[02:39:54 AM][<DEBUG>][Server] Exited wait block.
[02:43:23 AM][MountainDew] Server is starting up...
[02:43:23 AM][MountainDew] Server is in DEBUG mode.
[02:43:23 AM][MountainDew] Runtime log is active.
[02:43:23 AM][MountainDew] Will display console.
[02:43:23 AM][ModuleManager] No modules found.
[02:43:23 AM][SubServer 0] SubServer 0 up and running.
[02:43:23 AM][ConnectionAcceptor] Error. Failed to bind acceptor. Already in use?
java.net.BindException: Address already in use
	at java.net.PlainSocketImpl.socketBind(Native Method)
	at java.net.AbstractPlainSocketImpl.bind(AbstractPlainSocketImpl.java:382)
	at java.net.ServerSocket.bind(ServerSocket.java:375)
	at java.net.ServerSocket.<init>(ServerSocket.java:237)
	at java.net.ServerSocket.<init>(ServerSocket.java:181)
	at com.dew.connection.ConnectionAcceptor.run(ConnectionAcceptor.java:46)
[02:43:25 AM][Server] Shutting everything down.
[02:43:25 AM][UserDatabase] Saving all profiles before going down...
[02:43:25 AM][UserDatabase] Saved all profiles.
[02:43:25 AM][UserDatabase] Saved NUID. Current NUID is 2.
[02:43:25 AM][<DEBUG>][SubServer 0] Killing all connections...
[02:43:25 AM][<DEBUG>][SubServer 0] Killing self.
[02:43:25 AM][<DEBUG>][Server] Exited wait block.
[02:44:37 AM][MountainDew] Server is starting up...
[02:44:37 AM][MountainDew] Server is in DEBUG mode.
[02:44:37 AM][MountainDew] Runtime log is active.
[02:44:37 AM][MountainDew] Will display console.
[02:44:37 AM][ModuleManager] No modules found.
[02:44:37 AM][SubServer 0] SubServer 0 up and running.
[02:44:37 AM][ConnectionAcceptor] Error. Failed to bind acceptor. Already in use?
java.net.BindException: Address already in use
	at java.net.PlainSocketImpl.socketBind(Native Method)
	at java.net.AbstractPlainSocketImpl.bind(AbstractPlainSocketImpl.java:382)
	at java.net.ServerSocket.bind(ServerSocket.java:375)
	at java.net.ServerSocket.<init>(ServerSocket.java:237)
	at java.net.ServerSocket.<init>(ServerSocket.java:181)
	at com.dew.connection.ConnectionAcceptor.run(ConnectionAcceptor.java:46)
[02:44:38 AM][Server] Shutting everything down.
[02:44:38 AM][UserDatabase] Saving all profiles before going down...
[02:44:38 AM][UserDatabase] Saved all profiles.
[02:44:38 AM][UserDatabase] Saved NUID. Current NUID is 2.
[02:44:38 AM][<DEBUG>][SubServer 0] Killing all connections...
[02:44:38 AM][<DEBUG>][SubServer 0] Killing self.
[02:45:53 AM][MountainDew] Server is starting up...
[02:45:53 AM][MountainDew] Server is in DEBUG mode.
[02:45:53 AM][MountainDew] Runtime log is active.
[02:45:53 AM][MountainDew] Will display console.
[02:45:53 AM][ModuleManager] No modules found.
[02:45:53 AM][SubServer 0] SubServer 0 up and running.
[02:45:53 AM][ConnectionAcceptor] Error. Failed to bind acceptor. Already in use?
java.net.BindException: Address already in use
	at java.net.PlainSocketImpl.socketBind(Native Method)
	at java.net.AbstractPlainSocketImpl.bind(AbstractPlainSocketImpl.java:382)
	at java.net.ServerSocket.bind(ServerSocket.java:375)
	at java.net.ServerSocket.<init>(ServerSocket.java:237)
	at java.net.ServerSocket.<init>(ServerSocket.java:181)
	at com.dew.connection.ConnectionAcceptor.run(ConnectionAcceptor.java:46)
[02:45:55 AM][Server] Shutting everything down.
[02:45:55 AM][UserDatabase] Saving all profiles before going down...
[02:45:55 AM][UserDatabase] Saved all profiles.
[02:45:55 AM][UserDatabase] Saved NUID. Current NUID is 2.
[02:45:55 AM][<DEBUG>][SubServer 0] Killing all connections...
[02:45:55 AM][<DEBUG>][SubServer 0] Killing self.
[03:09:02 AM][Backup] Backup starting...
[03:09:02 AM][Backup] Backup finished.
[04:09:03 AM][Backup] Backup starting...
[04:09:03 AM][Backup] Backup finished.
[05:09:03 AM][Backup] Backup starting...
[05:09:03 AM][Backup] Backup finished.
[06:09:02 AM][Backup] Backup starting...
[06:09:02 AM][Backup] Backup finished.
[07:09:02 AM][Backup] Backup starting...
[07:09:02 AM][Backup] Backup finished.
[08:09:03 AM][Backup] Backup starting...
[08:09:03 AM][Backup] Backup finished.
[09:09:03 AM][Backup] Backup starting...
[09:09:03 AM][Backup] Backup finished.
[10:09:02 AM][Backup] Backup starting...
[10:09:02 AM][Backup] Backup finished.
[11:09:02 AM][Backup] Backup starting...
[11:09:02 AM][Backup] Backup finished.
[12:09:03 PM][Backup] Backup starting...
[12:09:03 PM][Backup] Backup finished.
[12:17:39 PM][Server] Shutting everything down.
[12:17:39 PM][UserDatabase] Saving all profiles before going down...
[12:17:39 PM][UserDatabase] Saved all profiles.
[12:17:39 PM][UserDatabase] Saved NUID. Current NUID is 2.
[12:17:39 PM][<DEBUG>][SubServer 0] Killing all connections...
[12:17:39 PM][<DEBUG>][SubServer 0] Killing self.
[12:17:39 PM][<DEBUG>][Server] Exited wait block.
