--[Server log for date: 11/30/2014]--


[02:17:17 AM][CycleProcessManager] CycleProcessManager is up and running.
[02:17:17 AM][UserDatabase] UserDatabase up and running.
[02:17:17 AM][ThreadPool] ThreadPool is up and running.
[02:17:17 AM][CTP Server] Server is starting up...
[02:17:17 AM][CTP Server] Server is in DEBUG mode.
[02:17:17 AM][CTP Server] Runtime log is active.
[02:17:17 AM][CTP Server] Will display console.
[02:17:17 AM][<DEBUG>][ThreadPool] Adding thread: CTP Server
[02:17:17 AM][<DEBUG>][ThreadPool] Current threads: 4
[02:17:17 AM][ModuleManager] Added module: HelloWorldModule.
[02:17:17 AM][ModuleManager] Finished loading modules.
[02:17:17 AM][<DEBUG>][ThreadPool] Adding thread: SubServer 0
[02:17:17 AM][<DEBUG>][ThreadPool] Current threads: 5
[02:17:17 AM][SubServer 0] SubServer 0 up and running.
[02:17:17 AM][<DEBUG>][ThreadPool] Adding thread: ConnectionAcceptor
[02:17:17 AM][<DEBUG>][ThreadPool] Current threads: 6
[02:17:18 AM][ConnectionAcceptor] Acceptor running. Port: 8688
[02:17:58 AM][ThreadPool] Currently Active threads: 6
[02:17:58 AM]--------------------------------------
[02:17:58 AM]UserDatabase
[02:17:58 AM]CycleProcessManager
[02:17:58 AM]ServerClock
[02:17:58 AM]CTP Server
[02:17:58 AM]SubServer 0
[02:17:58 AM]ConnectionAcceptor
[02:17:58 AM]--------------------------------------
[02:22:17 AM][CycleProcessManager] Average cycle time over 5 minutes: .000131ms.
[02:22:19 AM][Server] Shutting everything down.
[02:22:19 AM][<DEBUG>][CycleProcessManager] CycleProcessManager was killed.
[02:22:19 AM][UserDatabase] Saving all profiles before going down...
[02:22:19 AM][<DEBUG>][ThreadPool] Disposing of thread: CycleProcessManager
[02:22:19 AM][UserDatabase] Saved all profiles.
[02:22:19 AM][UserDatabase] Saved NUID. Current NUID is 2.
[02:22:19 AM][<DEBUG>][SubServer 0] Killing all connections...
[02:22:19 AM][<DEBUG>][UserDatabase] UserDatabase was killed.
[02:22:19 AM][<DEBUG>][SubServer 0] Killing self.
[02:22:19 AM][<DEBUG>][ThreadPool] Disposing of thread: UserDatabase
[02:22:19 AM][<DEBUG>][ThreadPool] Disposing of thread: SubServer 0
[02:22:19 AM][<DEBUG>][Server] Exited wait block.
